  [1m[35m (96.0ms)[0m  [1m[35mCREATE DATABASE "booki_backend_development" ENCODING = 'unicode'[0m
  [1m[35m (93.8ms)[0m  [1m[35mCREATE DATABASE "booki_backend_test" ENCODING = 'unicode'[0m
  [1m[35m (4.0ms)[0m  [1m[35mCREATE TABLE "schema_migrations" ("version" character varying NOT NULL PRIMARY KEY)[0m
  [1m[35m (3.6ms)[0m  [1m[35mCREATE TABLE "ar_internal_metadata" ("key" character varying NOT NULL PRIMARY KEY, "value" character varying, "created_at" timestamp(6) NOT NULL, "updated_at" timestamp(6) NOT NULL)[0m
  [1m[35m (0.4ms)[0m  [1m[34mSELECT pg_try_advisory_lock(6739428637072981080)[0m
  [1m[35m (0.3ms)[0m  [1m[34mSELECT "schema_migrations"."version" FROM "schema_migrations" ORDER BY "schema_migrations"."version" ASC[0m
Migrating to CreateUsers (20230818133740)
  [1m[35m (0.4ms)[0m  [1m[35mBEGIN[0m
  [1m[35m (3.5ms)[0m  [1m[35mCREATE TABLE "users" ("id" bigserial primary key, "username" character varying, "email" character varying, "created_at" timestamp(6) NOT NULL, "updated_at" timestamp(6) NOT NULL)[0m
  [1m[36mActiveRecord::SchemaMigration Create (0.6ms)[0m  [1m[32mINSERT INTO "schema_migrations" ("version") VALUES ($1) RETURNING "version"[0m  [["version", "20230818133740"]]
  [1m[35m (0.7ms)[0m  [1m[35mCOMMIT[0m
Migrating to CreateBooks (20230818133847)
  [1m[35m (0.4ms)[0m  [1m[35mBEGIN[0m
  [1m[35m (2.5ms)[0m  [1m[35mCREATE TABLE "books" ("id" bigserial primary key, "title" character varying, "author" character varying, "cover_art" character varying, "blurb" text, "created_at" timestamp(6) NOT NULL, "updated_at" timestamp(6) NOT NULL)[0m
  [1m[36mActiveRecord::SchemaMigration Create (0.2ms)[0m  [1m[32mINSERT INTO "schema_migrations" ("version") VALUES ($1) RETURNING "version"[0m  [["version", "20230818133847"]]
  [1m[35m (0.4ms)[0m  [1m[35mCOMMIT[0m
Migrating to CreateLoans (20230818134047)
  [1m[35m (0.3ms)[0m  [1m[35mBEGIN[0m
  [1m[35m (2.7ms)[0m  [1m[35mCREATE TABLE "loans" ("id" bigserial primary key, "user_id" integer, "book_id" integer, "due" date, "created_at" timestamp(6) NOT NULL, "updated_at" timestamp(6) NOT NULL)[0m
  [1m[36mActiveRecord::SchemaMigration Create (0.5ms)[0m  [1m[32mINSERT INTO "schema_migrations" ("version") VALUES ($1) RETURNING "version"[0m  [["version", "20230818134047"]]
  [1m[35m (0.5ms)[0m  [1m[35mCOMMIT[0m
Migrating to CreateReviews (20230818134156)
  [1m[35m (0.4ms)[0m  [1m[35mBEGIN[0m
  [1m[35m (2.8ms)[0m  [1m[35mCREATE TABLE "reviews" ("id" bigserial primary key, "user_id" integer, "title" character varying, "body" text, "stars" integer, "created_at" timestamp(6) NOT NULL, "updated_at" timestamp(6) NOT NULL)[0m
  [1m[36mActiveRecord::SchemaMigration Create (0.5ms)[0m  [1m[32mINSERT INTO "schema_migrations" ("version") VALUES ($1) RETURNING "version"[0m  [["version", "20230818134156"]]
  [1m[35m (0.6ms)[0m  [1m[35mCOMMIT[0m
Migrating to CreateLists (20230818134313)
  [1m[35m (0.3ms)[0m  [1m[35mBEGIN[0m
  [1m[35m (3.3ms)[0m  [1m[35mCREATE TABLE "lists" ("id" bigserial primary key, "user_id" integer, "title" character varying, "created_at" timestamp(6) NOT NULL, "updated_at" timestamp(6) NOT NULL)[0m
  [1m[36mActiveRecord::SchemaMigration Create (0.4ms)[0m  [1m[32mINSERT INTO "schema_migrations" ("version") VALUES ($1) RETURNING "version"[0m  [["version", "20230818134313"]]
  [1m[35m (0.7ms)[0m  [1m[35mCOMMIT[0m
Migrating to CreateListBooks (20230818134348)
  [1m[35m (0.5ms)[0m  [1m[35mBEGIN[0m
  [1m[35m (1.7ms)[0m  [1m[35mCREATE TABLE "list_books" ("id" bigserial primary key, "list_id" integer, "book_id" integer, "created_at" timestamp(6) NOT NULL, "updated_at" timestamp(6) NOT NULL)[0m
  [1m[36mActiveRecord::SchemaMigration Create (0.4ms)[0m  [1m[32mINSERT INTO "schema_migrations" ("version") VALUES ($1) RETURNING "version"[0m  [["version", "20230818134348"]]
  [1m[35m (0.5ms)[0m  [1m[35mCOMMIT[0m
  [1m[36mActiveRecord::InternalMetadata Load (0.5ms)[0m  [1m[34mSELECT "ar_internal_metadata".* FROM "ar_internal_metadata" WHERE "ar_internal_metadata"."key" = $1 LIMIT $2[0m  [["key", "environment"], ["LIMIT", 1]]
  [1m[35m (0.3ms)[0m  [1m[35mBEGIN[0m
  [1m[36mActiveRecord::InternalMetadata Create (0.7ms)[0m  [1m[32mINSERT INTO "ar_internal_metadata" ("key", "value", "created_at", "updated_at") VALUES ($1, $2, $3, $4) RETURNING "key"[0m  [["key", "environment"], ["value", "development"], ["created_at", "2023-08-18 13:47:15.410967"], ["updated_at", "2023-08-18 13:47:15.410967"]]
  [1m[35m (0.4ms)[0m  [1m[35mCOMMIT[0m
  [1m[35m (0.3ms)[0m  [1m[34mSELECT pg_advisory_unlock(6739428637072981080)[0m
  [1m[35m (0.5ms)[0m  [1m[34mSELECT "schema_migrations"."version" FROM "schema_migrations" ORDER BY "schema_migrations"."version" ASC[0m
  [1m[35m (0.1ms)[0m  [1m[34mSELECT pg_try_advisory_lock(6739428637072981080)[0m
  [1m[35m (0.4ms)[0m  [1m[34mSELECT "schema_migrations"."version" FROM "schema_migrations" ORDER BY "schema_migrations"."version" ASC[0m
Migrating to AddBookIdToReviews (20230818140221)
  [1m[35m (0.2ms)[0m  [1m[35mBEGIN[0m
  [1m[35m (0.6ms)[0m  [1m[35mALTER TABLE "reviews" ADD "book_id" integer[0m
  [1m[36mActiveRecord::SchemaMigration Create (0.2ms)[0m  [1m[32mINSERT INTO "schema_migrations" ("version") VALUES ($1) RETURNING "version"[0m  [["version", "20230818140221"]]
  [1m[35m (0.6ms)[0m  [1m[35mCOMMIT[0m
  [1m[36mActiveRecord::InternalMetadata Load (0.3ms)[0m  [1m[34mSELECT "ar_internal_metadata".* FROM "ar_internal_metadata" WHERE "ar_internal_metadata"."key" = $1 LIMIT $2[0m  [["key", "environment"], ["LIMIT", 1]]
  [1m[35m (0.3ms)[0m  [1m[34mSELECT pg_advisory_unlock(6739428637072981080)[0m
  [1m[35m (0.5ms)[0m  [1m[34mSELECT "schema_migrations"."version" FROM "schema_migrations" ORDER BY "schema_migrations"."version" ASC[0m
  [1m[35m (0.1ms)[0m  [1m[35mBEGIN[0m
  [1m[36mUser Create (0.8ms)[0m  [1m[32mINSERT INTO "users" ("username", "email", "created_at", "updated_at") VALUES ($1, $2, $3, $4) RETURNING "id"[0m  [["username", "Sponge"], ["email", "sponge@gmail.com"], ["created_at", "2023-08-18 14:03:46.240819"], ["updated_at", "2023-08-18 14:03:46.240819"]]
  [1m[35m (0.5ms)[0m  [1m[35mCOMMIT[0m
  [1m[35m (0.2ms)[0m  [1m[35mBEGIN[0m
  [1m[36mBook Create (0.7ms)[0m  [1m[32mINSERT INTO "books" ("title", "author", "cover_art", "blurb", "created_at", "updated_at") VALUES ($1, $2, $3, $4, $5, $6) RETURNING "id"[0m  [["title", "War and Peace"], ["author", "Who Knows"], ["cover_art", "some_url"], ["blurb", "I've never read this book"], ["created_at", "2023-08-18 14:04:54.487016"], ["updated_at", "2023-08-18 14:04:54.487016"]]
  [1m[35m (0.5ms)[0m  [1m[35mCOMMIT[0m
  [1m[35m (0.3ms)[0m  [1m[35mBEGIN[0m
  [1m[36mBook Create (0.6ms)[0m  [1m[32mINSERT INTO "books" ("title", "author", "cover_art", "blurb", "created_at", "updated_at") VALUES ($1, $2, $3, $4, $5, $6) RETURNING "id"[0m  [["title", "The Rainbow Fish"], ["author", "Who Knows"], ["cover_art", "some_url"], ["blurb", "A story about a colorful fish"], ["created_at", "2023-08-18 14:05:36.478695"], ["updated_at", "2023-08-18 14:05:36.478695"]]
  [1m[35m (1.2ms)[0m  [1m[35mCOMMIT[0m
  [1m[35m (1.8ms)[0m  [1m[34mSELECT COUNT(*) FROM "books"[0m
  [1m[35m (0.8ms)[0m  [1m[34mSELECT COUNT(*) FROM "users"[0m
  [1m[35m (0.5ms)[0m  [1m[35mBEGIN[0m
  [1m[36mUser Create (0.6ms)[0m  [1m[32mINSERT INTO "users" ("username", "email", "created_at", "updated_at") VALUES ($1, $2, $3, $4) RETURNING "id"[0m  [["username", "Maddy"], ["email", "maddy@gmail.com"], ["created_at", "2023-08-18 14:06:13.536396"], ["updated_at", "2023-08-18 14:06:13.536396"]]
  [1m[35m (1.0ms)[0m  [1m[35mCOMMIT[0m
  [1m[35m (0.2ms)[0m  [1m[35mBEGIN[0m
  [1m[36mUser Load (0.3ms)[0m  [1m[34mSELECT "users".* FROM "users" WHERE "users"."id" = $1 LIMIT $2[0m  [["id", 1], ["LIMIT", 1]]
  [1m[36mBook Load (0.2ms)[0m  [1m[34mSELECT "books".* FROM "books" WHERE "books"."id" = $1 LIMIT $2[0m  [["id", 2], ["LIMIT", 1]]
  [1m[36mLoan Create (0.7ms)[0m  [1m[32mINSERT INTO "loans" ("user_id", "book_id", "created_at", "updated_at") VALUES ($1, $2, $3, $4) RETURNING "id"[0m  [["user_id", 1], ["book_id", 2], ["created_at", "2023-08-18 14:06:38.667682"], ["updated_at", "2023-08-18 14:06:38.667682"]]
  [1m[35m (0.5ms)[0m  [1m[35mCOMMIT[0m
  [1m[35m (0.4ms)[0m  [1m[35mBEGIN[0m
  [1m[36mUser Load (0.5ms)[0m  [1m[34mSELECT "users".* FROM "users" WHERE "users"."id" = $1 LIMIT $2[0m  [["id", 1], ["LIMIT", 1]]
  [1m[36mBook Load (0.8ms)[0m  [1m[34mSELECT "books".* FROM "books" WHERE "books"."id" = $1 LIMIT $2[0m  [["id", 1], ["LIMIT", 1]]
  [1m[36mLoan Create (0.6ms)[0m  [1m[32mINSERT INTO "loans" ("user_id", "book_id", "created_at", "updated_at") VALUES ($1, $2, $3, $4) RETURNING "id"[0m  [["user_id", 1], ["book_id", 1], ["created_at", "2023-08-18 14:06:44.437712"], ["updated_at", "2023-08-18 14:06:44.437712"]]
  [1m[35m (1.0ms)[0m  [1m[35mCOMMIT[0m
  [1m[35m (0.3ms)[0m  [1m[35mBEGIN[0m
  [1m[36mUser Load (0.4ms)[0m  [1m[34mSELECT "users".* FROM "users" WHERE "users"."id" = $1 LIMIT $2[0m  [["id", 2], ["LIMIT", 1]]
  [1m[36mBook Load (0.5ms)[0m  [1m[34mSELECT "books".* FROM "books" WHERE "books"."id" = $1 LIMIT $2[0m  [["id", 1], ["LIMIT", 1]]
  [1m[36mLoan Create (0.5ms)[0m  [1m[32mINSERT INTO "loans" ("user_id", "book_id", "created_at", "updated_at") VALUES ($1, $2, $3, $4) RETURNING "id"[0m  [["user_id", 2], ["book_id", 1], ["created_at", "2023-08-18 14:06:51.206517"], ["updated_at", "2023-08-18 14:06:51.206517"]]
  [1m[35m (0.9ms)[0m  [1m[35mCOMMIT[0m
  [1m[36mUser Load (0.5ms)[0m  [1m[34mSELECT "users".* FROM "users" ORDER BY "users"."id" ASC LIMIT $1[0m  [["LIMIT", 1]]
  [1m[35m (0.6ms)[0m  [1m[34mSELECT "schema_migrations"."version" FROM "schema_migrations" ORDER BY "schema_migrations"."version" ASC[0m
  [1m[35m (0.3ms)[0m  [1m[35mBEGIN[0m
  [1m[36mUser Create (1.0ms)[0m  [1m[32mINSERT INTO "users" ("username", "email", "created_at", "updated_at") VALUES ($1, $2, $3, $4) RETURNING "id"[0m  [["username", "Sponge"], ["email", "sponge@gmail.com"], ["created_at", "2023-08-18 14:13:39.805163"], ["updated_at", "2023-08-18 14:13:39.805163"]]
  [1m[35m (0.8ms)[0m  [1m[35mCOMMIT[0m
  [1m[35m (0.2ms)[0m  [1m[35mBEGIN[0m
  [1m[36mUser Create (0.4ms)[0m  [1m[32mINSERT INTO "users" ("username", "email", "created_at", "updated_at") VALUES ($1, $2, $3, $4) RETURNING "id"[0m  [["username", "Maddy"], ["email", "maddy@gmail.com"], ["created_at", "2023-08-18 14:13:39.813471"], ["updated_at", "2023-08-18 14:13:39.813471"]]
  [1m[35m (0.7ms)[0m  [1m[35mCOMMIT[0m
  [1m[35m (0.2ms)[0m  [1m[35mBEGIN[0m
  [1m[36mBook Create (0.4ms)[0m  [1m[32mINSERT INTO "books" ("title", "author", "cover_art", "blurb", "created_at", "updated_at") VALUES ($1, $2, $3, $4, $5, $6) RETURNING "id"[0m  [["title", "War and Peace"], ["author", "Who Knows"], ["cover_art", "some_url"], ["blurb", "I've never read this book"], ["created_at", "2023-08-18 14:13:39.848508"], ["updated_at", "2023-08-18 14:13:39.848508"]]
  [1m[35m (0.6ms)[0m  [1m[35mCOMMIT[0m
  [1m[35m (0.1ms)[0m  [1m[35mBEGIN[0m
  [1m[36mBook Create (0.2ms)[0m  [1m[32mINSERT INTO "books" ("title", "author", "cover_art", "blurb", "created_at", "updated_at") VALUES ($1, $2, $3, $4, $5, $6) RETURNING "id"[0m  [["title", "The Rainbow Fish"], ["author", "Who Knows"], ["cover_art", "some_url"], ["blurb", "A story about a colorful fish"], ["created_at", "2023-08-18 14:13:39.852816"], ["updated_at", "2023-08-18 14:13:39.852816"]]
  [1m[35m (0.4ms)[0m  [1m[35mCOMMIT[0m
  [1m[36mUser Load (0.5ms)[0m  [1m[34mSELECT "users".* FROM "users" ORDER BY "users"."id" ASC LIMIT $1[0m  [["LIMIT", 1]]
  [1m[36mUser Load (0.4ms)[0m  [1m[34mSELECT "users".* FROM "users" ORDER BY "users"."id" ASC LIMIT $1[0m  [["LIMIT", 1]]
  [1m[36mBook Load (0.8ms)[0m  [1m[34mSELECT "books".* FROM "books" INNER JOIN "loans" ON "books"."id" = "loans"."book_id" WHERE "loans"."user_id" = $1 LIMIT $2[0m  [["user_id", 1], ["LIMIT", 11]]
  [1m[35m (1.4ms)[0m  [1m[34mSELECT COUNT(*) FROM "books" INNER JOIN "loans" ON "books"."id" = "loans"."book_id" WHERE "loans"."user_id" = $1[0m  [["user_id", 1]]
  [1m[36mBook Load (0.6ms)[0m  [1m[34mSELECT "books".* FROM "books" INNER JOIN "loans" ON "books"."id" = "loans"."book_id" WHERE "loans"."user_id" = $1[0m  [["user_id", 1]]
  [1m[35m (0.2ms)[0m  [1m[35mBEGIN[0m
  [1m[36mUser Load (0.6ms)[0m  [1m[34mSELECT "users".* FROM "users" WHERE "users"."id" = $1 LIMIT $2[0m  [["id", 1], ["LIMIT", 1]]
  [1m[36mBook Load (0.2ms)[0m  [1m[34mSELECT "books".* FROM "books" WHERE "books"."id" = $1 LIMIT $2[0m  [["id", 2], ["LIMIT", 1]]
  [1m[36mReview Create (0.8ms)[0m  [1m[32mINSERT INTO "reviews" ("user_id", "title", "body", "stars", "created_at", "updated_at", "book_id") VALUES ($1, $2, $3, $4, $5, $6, $7) RETURNING "id"[0m  [["user_id", 1], ["title", "Good book"], ["body", "Loved any stories about fish"], ["stars", 4], ["created_at", "2023-08-18 14:41:32.622701"], ["updated_at", "2023-08-18 14:41:32.622701"], ["book_id", 2]]
  [1m[35m (0.5ms)[0m  [1m[35mCOMMIT[0m
  [1m[36mReview Load (0.6ms)[0m  [1m[34mSELECT "reviews".* FROM "reviews" WHERE "reviews"."user_id" = $1 LIMIT $2[0m  [["user_id", 1], ["LIMIT", 11]]
  [1m[35m (0.2ms)[0m  [1m[35mBEGIN[0m
  [1m[36mUser Load (0.5ms)[0m  [1m[34mSELECT "users".* FROM "users" WHERE "users"."id" = $1 LIMIT $2[0m  [["id", 1], ["LIMIT", 1]]
  [1m[36mBook Load (0.3ms)[0m  [1m[34mSELECT "books".* FROM "books" WHERE "books"."id" = $1 LIMIT $2[0m  [["id", 2], ["LIMIT", 1]]
  [1m[36mReview Create (0.5ms)[0m  [1m[32mINSERT INTO "reviews" ("user_id", "title", "body", "stars", "created_at", "updated_at", "book_id") VALUES ($1, $2, $3, $4, $5, $6, $7) RETURNING "id"[0m  [["user_id", 1], ["title", "Good book"], ["body", "Loved any stories about fish"], ["stars", 4], ["created_at", "2023-08-18 14:44:30.851174"], ["updated_at", "2023-08-18 14:44:30.851174"], ["book_id", 2]]
  [1m[35m (0.7ms)[0m  [1m[35mCOMMIT[0m
  [1m[36mUser Load (0.5ms)[0m  [1m[34mSELECT "users".* FROM "users" ORDER BY "users"."id" ASC LIMIT $1[0m  [["LIMIT", 1]]
  [1m[36mBook Load (0.8ms)[0m  [1m[34mSELECT "books".* FROM "books" INNER JOIN "reviews" ON "books"."id" = "reviews"."book_id" WHERE "reviews"."user_id" = $1 LIMIT $2[0m  [["user_id", 1], ["LIMIT", 11]]
  [1m[36mBook Load (0.6ms)[0m  [1m[34mSELECT "books".* FROM "books" INNER JOIN "reviews" ON "books"."id" = "reviews"."book_id" WHERE "reviews"."user_id" = $1[0m  [["user_id", 1]]
  [1m[36mBook Load (0.8ms)[0m  [1m[34mSELECT "books".* FROM "books" INNER JOIN "loans" ON "books"."id" = "loans"."book_id" WHERE "loans"."user_id" = $1[0m  [["user_id", 1]]
  [1m[35m (0.9ms)[0m  [1m[34mSELECT COUNT(*) FROM "users"[0m
  [1m[35m (0.3ms)[0m  [1m[34mSELECT COUNT(*) FROM "users"[0m
  [1m[35m (0.5ms)[0m  [1m[34mSELECT "schema_migrations"."version" FROM "schema_migrations" ORDER BY "schema_migrations"."version" ASC[0m
  [1m[36mUser Load (0.5ms)[0m  [1m[34mSELECT "users".* FROM "users"[0m
  [1m[35m (0.1ms)[0m  [1m[35mBEGIN[0m
  [1m[36mUser Destroy (0.4ms)[0m  [1m[31mDELETE FROM "users" WHERE "users"."id" = $1[0m  [["id", 1]]
  [1m[35m (0.6ms)[0m  [1m[35mCOMMIT[0m
  [1m[35m (0.1ms)[0m  [1m[35mBEGIN[0m
  [1m[36mUser Destroy (0.4ms)[0m  [1m[31mDELETE FROM "users" WHERE "users"."id" = $1[0m  [["id", 2]]
  [1m[35m (0.5ms)[0m  [1m[35mCOMMIT[0m
  [1m[35m (0.1ms)[0m  [1m[35mBEGIN[0m
  [1m[36mUser Destroy (0.2ms)[0m  [1m[31mDELETE FROM "users" WHERE "users"."id" = $1[0m  [["id", 3]]
  [1m[35m (0.4ms)[0m  [1m[35mCOMMIT[0m
  [1m[35m (0.1ms)[0m  [1m[35mBEGIN[0m
  [1m[36mUser Destroy (0.2ms)[0m  [1m[31mDELETE FROM "users" WHERE "users"."id" = $1[0m  [["id", 4]]
  [1m[35m (0.6ms)[0m  [1m[35mCOMMIT[0m
  [1m[36mBook Load (0.5ms)[0m  [1m[34mSELECT "books".* FROM "books"[0m
  [1m[35m (0.1ms)[0m  [1m[35mBEGIN[0m
  [1m[36mBook Destroy (0.2ms)[0m  [1m[31mDELETE FROM "books" WHERE "books"."id" = $1[0m  [["id", 1]]
  [1m[35m (0.4ms)[0m  [1m[35mCOMMIT[0m
  [1m[35m (0.1ms)[0m  [1m[35mBEGIN[0m
  [1m[36mBook Destroy (0.2ms)[0m  [1m[31mDELETE FROM "books" WHERE "books"."id" = $1[0m  [["id", 2]]
  [1m[35m (0.4ms)[0m  [1m[35mCOMMIT[0m
  [1m[35m (0.1ms)[0m  [1m[35mBEGIN[0m
  [1m[36mBook Destroy (0.2ms)[0m  [1m[31mDELETE FROM "books" WHERE "books"."id" = $1[0m  [["id", 3]]
  [1m[35m (0.5ms)[0m  [1m[35mCOMMIT[0m
  [1m[35m (0.1ms)[0m  [1m[35mBEGIN[0m
  [1m[36mBook Destroy (0.2ms)[0m  [1m[31mDELETE FROM "books" WHERE "books"."id" = $1[0m  [["id", 4]]
  [1m[35m (0.5ms)[0m  [1m[35mCOMMIT[0m
  [1m[36mLoan Load (0.4ms)[0m  [1m[34mSELECT "loans".* FROM "loans"[0m
  [1m[35m (0.1ms)[0m  [1m[35mBEGIN[0m
  [1m[36mLoan Destroy (0.3ms)[0m  [1m[31mDELETE FROM "loans" WHERE "loans"."id" = $1[0m  [["id", 1]]
  [1m[35m (0.5ms)[0m  [1m[35mCOMMIT[0m
  [1m[35m (0.1ms)[0m  [1m[35mBEGIN[0m
  [1m[36mLoan Destroy (0.2ms)[0m  [1m[31mDELETE FROM "loans" WHERE "loans"."id" = $1[0m  [["id", 2]]
  [1m[35m (0.7ms)[0m  [1m[35mCOMMIT[0m
  [1m[35m (0.2ms)[0m  [1m[35mBEGIN[0m
  [1m[36mLoan Destroy (0.6ms)[0m  [1m[31mDELETE FROM "loans" WHERE "loans"."id" = $1[0m  [["id", 3]]
  [1m[35m (0.9ms)[0m  [1m[35mCOMMIT[0m
  [1m[35m (0.3ms)[0m  [1m[35mBEGIN[0m
  [1m[36mUser Create (0.8ms)[0m  [1m[32mINSERT INTO "users" ("username", "email", "created_at", "updated_at") VALUES ($1, $2, $3, $4) RETURNING "id"[0m  [["username", "Sponge"], ["email", "sponge@gmail.com"], ["created_at", "2023-08-18 14:47:35.267329"], ["updated_at", "2023-08-18 14:47:35.267329"]]
  [1m[35m (0.6ms)[0m  [1m[35mCOMMIT[0m
  [1m[35m (0.2ms)[0m  [1m[35mBEGIN[0m
  [1m[36mUser Create (0.3ms)[0m  [1m[32mINSERT INTO "users" ("username", "email", "created_at", "updated_at") VALUES ($1, $2, $3, $4) RETURNING "id"[0m  [["username", "Maddy"], ["email", "maddy@gmail.com"], ["created_at", "2023-08-18 14:47:35.274323"], ["updated_at", "2023-08-18 14:47:35.274323"]]
  [1m[35m (0.5ms)[0m  [1m[35mCOMMIT[0m
  [1m[35m (0.1ms)[0m  [1m[35mBEGIN[0m
  [1m[36mBook Create (0.4ms)[0m  [1m[32mINSERT INTO "books" ("title", "author", "cover_art", "blurb", "created_at", "updated_at") VALUES ($1, $2, $3, $4, $5, $6) RETURNING "id"[0m  [["title", "War and Peace"], ["author", "Who Knows"], ["cover_art", "some_url"], ["blurb", "I've never read this book"], ["created_at", "2023-08-18 14:47:35.279030"], ["updated_at", "2023-08-18 14:47:35.279030"]]
  [1m[35m (0.5ms)[0m  [1m[35mCOMMIT[0m
  [1m[35m (0.1ms)[0m  [1m[35mBEGIN[0m
  [1m[36mBook Create (0.3ms)[0m  [1m[32mINSERT INTO "books" ("title", "author", "cover_art", "blurb", "created_at", "updated_at") VALUES ($1, $2, $3, $4, $5, $6) RETURNING "id"[0m  [["title", "The Rainbow Fish"], ["author", "Who Knows"], ["cover_art", "some_url"], ["blurb", "A story about a colorful fish"], ["created_at", "2023-08-18 14:47:35.283031"], ["updated_at", "2023-08-18 14:47:35.283031"]]
  [1m[35m (0.6ms)[0m  [1m[35mCOMMIT[0m
  [1m[35m (0.4ms)[0m  [1m[34mSELECT COUNT(*) FROM "users"[0m
  [1m[35m (0.3ms)[0m  [1m[35mBEGIN[0m
  [1m[36mUser Load (0.3ms)[0m  [1m[34mSELECT "users".* FROM "users" WHERE "users"."id" = $1 LIMIT $2[0m  [["id", 1], ["LIMIT", 1]]
  [1m[36mBook Load (0.4ms)[0m  [1m[34mSELECT "books".* FROM "books" WHERE "books"."id" = $1 LIMIT $2[0m  [["id", 2], ["LIMIT", 1]]
  [1m[35m (0.2ms)[0m  [1m[31mROLLBACK[0m
  [1m[36mReview Load (1.0ms)[0m  [1m[34mSELECT "reviews".* FROM "reviews" LIMIT $1[0m  [["LIMIT", 11]]
  [1m[35m (0.7ms)[0m  [1m[34mSELECT COUNT(*) FROM "reviews"[0m
  [1m[36mReview Load (0.7ms)[0m  [1m[34mSELECT "reviews".* FROM "reviews"[0m
  [1m[35m (0.2ms)[0m  [1m[35mBEGIN[0m
  [1m[36mReview Destroy (0.6ms)[0m  [1m[31mDELETE FROM "reviews" WHERE "reviews"."id" = $1[0m  [["id", 1]]
  [1m[35m (1.2ms)[0m  [1m[35mCOMMIT[0m
  [1m[35m (0.3ms)[0m  [1m[35mBEGIN[0m
  [1m[36mReview Destroy (0.5ms)[0m  [1m[31mDELETE FROM "reviews" WHERE "reviews"."id" = $1[0m  [["id", 2]]
  [1m[35m (0.6ms)[0m  [1m[35mCOMMIT[0m
  [1m[35m (0.7ms)[0m  [1m[34mSELECT COUNT(*) FROM "reviews"[0m
  [1m[35m (0.2ms)[0m  [1m[35mBEGIN[0m
  [1m[36mUser Load (0.3ms)[0m  [1m[34mSELECT "users".* FROM "users" WHERE "users"."id" = $1 LIMIT $2[0m  [["id", 1], ["LIMIT", 1]]
  [1m[36mBook Load (0.3ms)[0m  [1m[34mSELECT "books".* FROM "books" WHERE "books"."id" = $1 LIMIT $2[0m  [["id", 2], ["LIMIT", 1]]
  [1m[35m (0.2ms)[0m  [1m[31mROLLBACK[0m
  [1m[35m (0.7ms)[0m  [1m[34mSELECT COUNT(*) FROM "reviews"[0m
  [1m[36mUser Load (0.5ms)[0m  [1m[34mSELECT "users".* FROM "users" LIMIT $1[0m  [["LIMIT", 11]]
  [1m[35m (0.8ms)[0m  [1m[34mSELECT COUNT(*) FROM "users"[0m
  [1m[35m (0.5ms)[0m  [1m[34mSELECT "schema_migrations"."version" FROM "schema_migrations" ORDER BY "schema_migrations"."version" ASC[0m
  [1m[36mUser Load (0.4ms)[0m  [1m[34mSELECT "users".* FROM "users"[0m
  [1m[35m (0.4ms)[0m  [1m[35mBEGIN[0m
  [1m[36mUser Destroy (0.4ms)[0m  [1m[31mDELETE FROM "users" WHERE "users"."id" = $1[0m  [["id", 5]]
  [1m[35m (0.7ms)[0m  [1m[35mCOMMIT[0m
  [1m[35m (0.2ms)[0m  [1m[35mBEGIN[0m
  [1m[36mUser Destroy (0.3ms)[0m  [1m[31mDELETE FROM "users" WHERE "users"."id" = $1[0m  [["id", 6]]
  [1m[35m (0.5ms)[0m  [1m[35mCOMMIT[0m
  [1m[36mBook Load (0.4ms)[0m  [1m[34mSELECT "books".* FROM "books"[0m
  [1m[35m (0.3ms)[0m  [1m[35mBEGIN[0m
  [1m[36mBook Destroy (0.3ms)[0m  [1m[31mDELETE FROM "books" WHERE "books"."id" = $1[0m  [["id", 5]]
  [1m[35m (0.5ms)[0m  [1m[35mCOMMIT[0m
  [1m[35m (0.1ms)[0m  [1m[35mBEGIN[0m
  [1m[36mBook Destroy (0.2ms)[0m  [1m[31mDELETE FROM "books" WHERE "books"."id" = $1[0m  [["id", 6]]
  [1m[35m (0.5ms)[0m  [1m[35mCOMMIT[0m
  [1m[36mLoan Load (0.4ms)[0m  [1m[34mSELECT "loans".* FROM "loans"[0m
  [1m[35m (0.1ms)[0m  [1m[35mBEGIN[0m
  [1m[36mUser Create (0.4ms)[0m  [1m[32mINSERT INTO "users" ("username", "email", "created_at", "updated_at") VALUES ($1, $2, $3, $4) RETURNING "id"[0m  [["username", "Sponge"], ["email", "sponge@gmail.com"], ["created_at", "2023-08-18 14:49:27.481588"], ["updated_at", "2023-08-18 14:49:27.481588"]]
  [1m[35m (0.5ms)[0m  [1m[35mCOMMIT[0m
  [1m[35m (0.1ms)[0m  [1m[35mBEGIN[0m
  [1m[36mUser Create (0.3ms)[0m  [1m[32mINSERT INTO "users" ("username", "email", "created_at", "updated_at") VALUES ($1, $2, $3, $4) RETURNING "id"[0m  [["username", "Maddy"], ["email", "maddy@gmail.com"], ["created_at", "2023-08-18 14:49:27.484674"], ["updated_at", "2023-08-18 14:49:27.484674"]]
  [1m[35m (0.4ms)[0m  [1m[35mCOMMIT[0m
  [1m[35m (0.1ms)[0m  [1m[35mBEGIN[0m
  [1m[36mBook Create (0.4ms)[0m  [1m[32mINSERT INTO "books" ("title", "author", "cover_art", "blurb", "created_at", "updated_at") VALUES ($1, $2, $3, $4, $5, $6) RETURNING "id"[0m  [["title", "War and Peace"], ["author", "Who Knows"], ["cover_art", "some_url"], ["blurb", "I've never read this book"], ["created_at", "2023-08-18 14:49:27.487395"], ["updated_at", "2023-08-18 14:49:27.487395"]]
  [1m[35m (0.5ms)[0m  [1m[35mCOMMIT[0m
  [1m[35m (0.1ms)[0m  [1m[35mBEGIN[0m
  [1m[36mBook Create (0.3ms)[0m  [1m[32mINSERT INTO "books" ("title", "author", "cover_art", "blurb", "created_at", "updated_at") VALUES ($1, $2, $3, $4, $5, $6) RETURNING "id"[0m  [["title", "The Rainbow Fish"], ["author", "Who Knows"], ["cover_art", "some_url"], ["blurb", "A story about a colorful fish"], ["created_at", "2023-08-18 14:49:27.490386"], ["updated_at", "2023-08-18 14:49:27.490386"]]
  [1m[35m (0.4ms)[0m  [1m[35mCOMMIT[0m
  [1m[35m (0.4ms)[0m  [1m[34mSELECT COUNT(*) FROM "reviews"[0m
  [1m[36mUser Load (0.5ms)[0m  [1m[34mSELECT "users".* FROM "users" LIMIT $1[0m  [["LIMIT", 11]]
  [1m[35m (0.9ms)[0m  [1m[34mSELECT COUNT(*) FROM "users"[0m
  [1m[35m (0.7ms)[0m  [1m[34mSELECT COUNT(*) FROM "books"[0m
  [1m[35m (0.6ms)[0m  [1m[34mSELECT COUNT(*) FROM "loans"[0m
  [1m[36mUser Load (0.2ms)[0m  [1m[34mSELECT "users".* FROM "users" WHERE "users"."id" = $1 LIMIT $2[0m  [["id", 1], ["LIMIT", 1]]
  [1m[36mBook Load (0.1ms)[0m  [1m[34mSELECT "books".* FROM "books" WHERE "books"."id" = $1 LIMIT $2[0m  [["id", 2], ["LIMIT", 1]]
  [1m[36mBook Load (0.7ms)[0m  [1m[34mSELECT "books".* FROM "books"[0m
  [1m[35m (0.7ms)[0m  [1m[34mSELECT COUNT(*) FROM "loans"[0m
  [1m[36mLoan Load (0.5ms)[0m  [1m[34mSELECT "loans".* FROM "loans" LIMIT $1[0m  [["LIMIT", 11]]
  [1m[35m (0.4ms)[0m  [1m[34mSELECT "schema_migrations"."version" FROM "schema_migrations" ORDER BY "schema_migrations"."version" ASC[0m
  [1m[36mUser Load (0.5ms)[0m  [1m[34mSELECT "users".* FROM "users"[0m
  [1m[35m (0.1ms)[0m  [1m[35mBEGIN[0m
  [1m[36mUser Destroy (0.3ms)[0m  [1m[31mDELETE FROM "users" WHERE "users"."id" = $1[0m  [["id", 7]]
  [1m[35m (0.5ms)[0m  [1m[35mCOMMIT[0m
  [1m[35m (0.1ms)[0m  [1m[35mBEGIN[0m
  [1m[36mUser Destroy (0.1ms)[0m  [1m[31mDELETE FROM "users" WHERE "users"."id" = $1[0m  [["id", 8]]
  [1m[35m (0.5ms)[0m  [1m[35mCOMMIT[0m
  [1m[36mBook Load (0.5ms)[0m  [1m[34mSELECT "books".* FROM "books"[0m
  [1m[35m (0.1ms)[0m  [1m[35mBEGIN[0m
  [1m[36mBook Destroy (0.2ms)[0m  [1m[31mDELETE FROM "books" WHERE "books"."id" = $1[0m  [["id", 7]]
  [1m[35m (0.4ms)[0m  [1m[35mCOMMIT[0m
  [1m[35m (0.1ms)[0m  [1m[35mBEGIN[0m
  [1m[36mBook Destroy (0.2ms)[0m  [1m[31mDELETE FROM "books" WHERE "books"."id" = $1[0m  [["id", 8]]
  [1m[35m (0.5ms)[0m  [1m[35mCOMMIT[0m
  [1m[36mLoan Load (0.4ms)[0m  [1m[34mSELECT "loans".* FROM "loans"[0m
  [1m[36mReview Load (0.3ms)[0m  [1m[34mSELECT "reviews".* FROM "reviews"[0m
  [1m[35m (0.1ms)[0m  [1m[35mBEGIN[0m
  [1m[36mUser Create (0.3ms)[0m  [1m[32mINSERT INTO "users" ("username", "email", "created_at", "updated_at") VALUES ($1, $2, $3, $4) RETURNING "id"[0m  [["username", "Sponge"], ["email", "sponge@gmail.com"], ["created_at", "2023-08-18 14:54:21.252232"], ["updated_at", "2023-08-18 14:54:21.252232"]]
  [1m[35m (0.6ms)[0m  [1m[35mCOMMIT[0m
  [1m[35m (0.2ms)[0m  [1m[35mBEGIN[0m
  [1m[36mUser Create (0.2ms)[0m  [1m[32mINSERT INTO "users" ("username", "email", "created_at", "updated_at") VALUES ($1, $2, $3, $4) RETURNING "id"[0m  [["username", "Maddy"], ["email", "maddy@gmail.com"], ["created_at", "2023-08-18 14:54:21.268136"], ["updated_at", "2023-08-18 14:54:21.268136"]]
  [1m[35m (0.5ms)[0m  [1m[35mCOMMIT[0m
  [1m[35m (0.1ms)[0m  [1m[35mBEGIN[0m
  [1m[36mBook Create (0.3ms)[0m  [1m[32mINSERT INTO "books" ("title", "author", "cover_art", "blurb", "created_at", "updated_at") VALUES ($1, $2, $3, $4, $5, $6) RETURNING "id"[0m  [["title", "War and Peace"], ["author", "Who Knows"], ["cover_art", "some_url"], ["blurb", "I've never read this book"], ["created_at", "2023-08-18 14:54:21.271123"], ["updated_at", "2023-08-18 14:54:21.271123"]]
  [1m[35m (0.5ms)[0m  [1m[35mCOMMIT[0m
  [1m[35m (0.1ms)[0m  [1m[35mBEGIN[0m
  [1m[36mBook Create (0.2ms)[0m  [1m[32mINSERT INTO "books" ("title", "author", "cover_art", "blurb", "created_at", "updated_at") VALUES ($1, $2, $3, $4, $5, $6) RETURNING "id"[0m  [["title", "The Rainbow Fish"], ["author", "Who Knows"], ["cover_art", "some_url"], ["blurb", "A story about a colorful fish"], ["created_at", "2023-08-18 14:54:21.273945"], ["updated_at", "2023-08-18 14:54:21.273945"]]
  [1m[35m (0.5ms)[0m  [1m[35mCOMMIT[0m
  [1m[35m (0.2ms)[0m  [1m[35mBEGIN[0m
  [1m[36mUser Load (0.2ms)[0m  [1m[34mSELECT "users".* FROM "users" WHERE "users"."id" = $1 LIMIT $2[0m  [["id", 9], ["LIMIT", 1]]
  [1m[36mBook Load (0.2ms)[0m  [1m[34mSELECT "books".* FROM "books" WHERE "books"."id" = $1 LIMIT $2[0m  [["id", 10], ["LIMIT", 1]]
  [1m[36mLoan Create (0.4ms)[0m  [1m[32mINSERT INTO "loans" ("user_id", "book_id", "due", "created_at", "updated_at") VALUES ($1, $2, $3, $4, $5) RETURNING "id"[0m  [["user_id", 9], ["book_id", 10], ["due", "2023-08-25"], ["created_at", "2023-08-18 14:54:21.286442"], ["updated_at", "2023-08-18 14:54:21.286442"]]
  [1m[35m (0.5ms)[0m  [1m[35mCOMMIT[0m
  [1m[35m (0.1ms)[0m  [1m[35mBEGIN[0m
  [1m[36mUser Load (0.2ms)[0m  [1m[34mSELECT "users".* FROM "users" WHERE "users"."id" = $1 LIMIT $2[0m  [["id", 9], ["LIMIT", 1]]
  [1m[36mBook Load (0.2ms)[0m  [1m[34mSELECT "books".* FROM "books" WHERE "books"."id" = $1 LIMIT $2[0m  [["id", 9], ["LIMIT", 1]]
  [1m[36mLoan Create (0.3ms)[0m  [1m[32mINSERT INTO "loans" ("user_id", "book_id", "due", "created_at", "updated_at") VALUES ($1, $2, $3, $4, $5) RETURNING "id"[0m  [["user_id", 9], ["book_id", 9], ["due", "2023-08-25"], ["created_at", "2023-08-18 14:54:21.291560"], ["updated_at", "2023-08-18 14:54:21.291560"]]
  [1m[35m (0.5ms)[0m  [1m[35mCOMMIT[0m
  [1m[35m (0.1ms)[0m  [1m[35mBEGIN[0m
  [1m[36mUser Load (0.2ms)[0m  [1m[34mSELECT "users".* FROM "users" WHERE "users"."id" = $1 LIMIT $2[0m  [["id", 10], ["LIMIT", 1]]
  [1m[36mBook Load (0.2ms)[0m  [1m[34mSELECT "books".* FROM "books" WHERE "books"."id" = $1 LIMIT $2[0m  [["id", 9], ["LIMIT", 1]]
  [1m[36mLoan Create (0.2ms)[0m  [1m[32mINSERT INTO "loans" ("user_id", "book_id", "due", "created_at", "updated_at") VALUES ($1, $2, $3, $4, $5) RETURNING "id"[0m  [["user_id", 10], ["book_id", 9], ["due", "2023-08-25"], ["created_at", "2023-08-18 14:54:21.296525"], ["updated_at", "2023-08-18 14:54:21.296525"]]
  [1m[35m (0.5ms)[0m  [1m[35mCOMMIT[0m
  [1m[35m (0.2ms)[0m  [1m[35mBEGIN[0m
  [1m[36mUser Load (0.2ms)[0m  [1m[34mSELECT "users".* FROM "users" WHERE "users"."id" = $1 LIMIT $2[0m  [["id", 9], ["LIMIT", 1]]
  [1m[36mBook Load (0.2ms)[0m  [1m[34mSELECT "books".* FROM "books" WHERE "books"."id" = $1 LIMIT $2[0m  [["id", 10], ["LIMIT", 1]]
  [1m[36mReview Create (0.4ms)[0m  [1m[32mINSERT INTO "reviews" ("user_id", "title", "body", "stars", "created_at", "updated_at", "book_id") VALUES ($1, $2, $3, $4, $5, $6, $7) RETURNING "id"[0m  [["user_id", 9], ["title", "Good book"], ["body", "Loved any stories about fish"], ["stars", 4], ["created_at", "2023-08-18 14:54:21.306848"], ["updated_at", "2023-08-18 14:54:21.306848"], ["book_id", 10]]
  [1m[35m (0.6ms)[0m  [1m[35mCOMMIT[0m
  [1m[36mUser Load (0.4ms)[0m  [1m[34mSELECT "users".* FROM "users" ORDER BY "users"."id" ASC LIMIT $1[0m  [["LIMIT", 1]]
  [1m[36mBook Load (0.7ms)[0m  [1m[34mSELECT "books".* FROM "books" INNER JOIN "loans" ON "books"."id" = "loans"."book_id" WHERE "loans"."user_id" = $1[0m  [["user_id", 9]]
  [1m[36mBook Load (0.8ms)[0m  [1m[34mSELECT "books".* FROM "books" INNER JOIN "reviews" ON "books"."id" = "reviews"."book_id" WHERE "reviews"."user_id" = $1[0m  [["user_id", 9]]
  [1m[36mBook Load (0.5ms)[0m  [1m[34mSELECT "books".* FROM "books" ORDER BY "books"."id" DESC LIMIT $1[0m  [["LIMIT", 1]]
  [1m[36mUser Load (0.7ms)[0m  [1m[34mSELECT "users".* FROM "users" INNER JOIN "reviews" ON "users"."id" = "reviews"."user_id" WHERE "reviews"."book_id" = $1[0m  [["book_id", 10]]
  [1m[36mList Load (0.6ms)[0m  [1m[34mSELECT "lists".* FROM "lists" INNER JOIN "list_books" ON "lists"."id" = "list_books"."list_id" WHERE "list_books"."book_id" = $1 LIMIT $2[0m  [["book_id", 10], ["LIMIT", 11]]
  [1m[35m (1.0ms)[0m  [1m[34mSELECT COUNT(*) FROM "lists" INNER JOIN "list_books" ON "lists"."id" = "list_books"."list_id" WHERE "list_books"."book_id" = $1[0m  [["book_id", 10]]
  [1m[35m (0.5ms)[0m  [1m[34mSELECT "schema_migrations"."version" FROM "schema_migrations" ORDER BY "schema_migrations"."version" ASC[0m
  [1m[35m (0.4ms)[0m  [1m[34mSELECT "schema_migrations"."version" FROM "schema_migrations" ORDER BY "schema_migrations"."version" ASC[0m
  [1m[35m (0.5ms)[0m  [1m[34mSELECT "schema_migrations"."version" FROM "schema_migrations" ORDER BY "schema_migrations"."version" ASC[0m
  [1m[35m (0.6ms)[0m  [1m[34mSELECT "schema_migrations"."version" FROM "schema_migrations" ORDER BY "schema_migrations"."version" ASC[0m
  [1m[35m (0.5ms)[0m  [1m[34mSELECT "schema_migrations"."version" FROM "schema_migrations" ORDER BY "schema_migrations"."version" ASC[0m
  [1m[36mUser Load (0.5ms)[0m  [1m[34mSELECT "users".* FROM "users"[0m
  [1m[35m (0.1ms)[0m  [1m[35mBEGIN[0m
  [1m[36mUser Destroy (0.4ms)[0m  [1m[31mDELETE FROM "users" WHERE "users"."id" = $1[0m  [["id", 9]]
  [1m[35m (1.9ms)[0m  [1m[35mCOMMIT[0m
  [1m[35m (0.1ms)[0m  [1m[35mBEGIN[0m
  [1m[36mUser Destroy (0.3ms)[0m  [1m[31mDELETE FROM "users" WHERE "users"."id" = $1[0m  [["id", 10]]
  [1m[35m (0.5ms)[0m  [1m[35mCOMMIT[0m
  [1m[36mBook Load (0.5ms)[0m  [1m[34mSELECT "books".* FROM "books"[0m
  [1m[35m (0.2ms)[0m  [1m[35mBEGIN[0m
  [1m[36mBook Destroy (0.2ms)[0m  [1m[31mDELETE FROM "books" WHERE "books"."id" = $1[0m  [["id", 9]]
  [1m[35m (0.6ms)[0m  [1m[35mCOMMIT[0m
  [1m[35m (0.1ms)[0m  [1m[35mBEGIN[0m
  [1m[36mBook Destroy (0.3ms)[0m  [1m[31mDELETE FROM "books" WHERE "books"."id" = $1[0m  [["id", 10]]
  [1m[35m (0.5ms)[0m  [1m[35mCOMMIT[0m
  [1m[36mLoan Load (0.5ms)[0m  [1m[34mSELECT "loans".* FROM "loans"[0m
  [1m[35m (0.1ms)[0m  [1m[35mBEGIN[0m
  [1m[36mLoan Destroy (0.3ms)[0m  [1m[31mDELETE FROM "loans" WHERE "loans"."id" = $1[0m  [["id", 4]]
  [1m[35m (0.5ms)[0m  [1m[35mCOMMIT[0m
  [1m[35m (0.1ms)[0m  [1m[35mBEGIN[0m
  [1m[36mLoan Destroy (0.2ms)[0m  [1m[31mDELETE FROM "loans" WHERE "loans"."id" = $1[0m  [["id", 5]]
  [1m[35m (0.4ms)[0m  [1m[35mCOMMIT[0m
  [1m[35m (0.1ms)[0m  [1m[35mBEGIN[0m
  [1m[36mLoan Destroy (0.2ms)[0m  [1m[31mDELETE FROM "loans" WHERE "loans"."id" = $1[0m  [["id", 6]]
  [1m[35m (0.4ms)[0m  [1m[35mCOMMIT[0m
  [1m[36mReview Load (0.5ms)[0m  [1m[34mSELECT "reviews".* FROM "reviews"[0m
  [1m[35m (0.2ms)[0m  [1m[35mBEGIN[0m
  [1m[36mReview Destroy (0.3ms)[0m  [1m[31mDELETE FROM "reviews" WHERE "reviews"."id" = $1[0m  [["id", 3]]
  [1m[35m (0.7ms)[0m  [1m[35mCOMMIT[0m
  [1m[35m (0.2ms)[0m  [1m[35mBEGIN[0m
  [1m[36mUser Create (0.4ms)[0m  [1m[32mINSERT INTO "users" ("username", "email", "created_at", "updated_at") VALUES ($1, $2, $3, $4) RETURNING "id"[0m  [["username", "Humberto Stiedemann"], ["email", "marcel.lebsack"], ["created_at", "2023-08-18 16:13:23.147164"], ["updated_at", "2023-08-18 16:13:23.147164"]]
  [1m[35m (0.4ms)[0m  [1m[35mCOMMIT[0m
  [1m[35m (0.1ms)[0m  [1m[35mBEGIN[0m
  [1m[36mUser Create (0.3ms)[0m  [1m[32mINSERT INTO "users" ("username", "email", "created_at", "updated_at") VALUES ($1, $2, $3, $4) RETURNING "id"[0m  [["username", "Darius Maggio"], ["email", "richard.deckow.dvm"], ["created_at", "2023-08-18 16:13:23.150879"], ["updated_at", "2023-08-18 16:13:23.150879"]]
  [1m[35m (0.3ms)[0m  [1m[35mCOMMIT[0m
  [1m[35m (0.1ms)[0m  [1m[35mBEGIN[0m
  [1m[36mUser Create (0.3ms)[0m  [1m[32mINSERT INTO "users" ("username", "email", "created_at", "updated_at") VALUES ($1, $2, $3, $4) RETURNING "id"[0m  [["username", "Carmon Lockman"], ["email", "rolando.kozey"], ["created_at", "2023-08-18 16:13:23.153795"], ["updated_at", "2023-08-18 16:13:23.153795"]]
  [1m[35m (0.4ms)[0m  [1m[35mCOMMIT[0m
  [1m[35m (0.2ms)[0m  [1m[35mBEGIN[0m
  [1m[36mUser Create (0.2ms)[0m  [1m[32mINSERT INTO "users" ("username", "email", "created_at", "updated_at") VALUES ($1, $2, $3, $4) RETURNING "id"[0m  [["username", "German Schuster III"], ["email", "shenika.wilkinson"], ["created_at", "2023-08-18 16:13:23.156916"], ["updated_at", "2023-08-18 16:13:23.156916"]]
  [1m[35m (0.3ms)[0m  [1m[35mCOMMIT[0m
  [1m[35m (0.2ms)[0m  [1m[35mBEGIN[0m
  [1m[36mUser Create (0.2ms)[0m  [1m[32mINSERT INTO "users" ("username", "email", "created_at", "updated_at") VALUES ($1, $2, $3, $4) RETURNING "id"[0m  [["username", "Leda Yundt"], ["email", "chery.mccullough"], ["created_at", "2023-08-18 16:13:23.159745"], ["updated_at", "2023-08-18 16:13:23.159745"]]
  [1m[35m (0.4ms)[0m  [1m[35mCOMMIT[0m
  [1m[35m (0.3ms)[0m  [1m[35mBEGIN[0m
  [1m[36mBook Create (0.3ms)[0m  [1m[32mINSERT INTO "books" ("title", "author", "cover_art", "blurb", "created_at", "updated_at") VALUES ($1, $2, $3, $4, $5, $6) RETURNING "id"[0m  [["title", "No Highway"], ["author", "Clement Nitzsche"], ["cover_art", "some_url"], ["blurb", "Et aut voluptatem. Ea sunt autem. Dolor qui voluptatem. Qui consequatur dolores."], ["created_at", "2023-08-18 16:13:23.163005"], ["updated_at", "2023-08-18 16:13:23.163005"]]
  [1m[35m (0.4ms)[0m  [1m[35mCOMMIT[0m
  [1m[35m (0.1ms)[0m  [1m[35mBEGIN[0m
  [1m[36mBook Create (0.2ms)[0m  [1m[32mINSERT INTO "books" ("title", "author", "cover_art", "blurb", "created_at", "updated_at") VALUES ($1, $2, $3, $4, $5, $6) RETURNING "id"[0m  [["title", "A Confederacy of Dunces"], ["author", "Vinnie Torphy"], ["cover_art", "some_url"], ["blurb", "Laudantium saepe vitae. Quis a qui. Aliquid dignissimos sed. Omnis vero consectetur."], ["created_at", "2023-08-18 16:13:23.166215"], ["updated_at", "2023-08-18 16:13:23.166215"]]
  [1m[35m (0.3ms)[0m  [1m[35mCOMMIT[0m
  [1m[35m (0.1ms)[0m  [1m[35mBEGIN[0m
  [1m[36mBook Create (0.3ms)[0m  [1m[32mINSERT INTO "books" ("title", "author", "cover_art", "blurb", "created_at", "updated_at") VALUES ($1, $2, $3, $4, $5, $6) RETURNING "id"[0m  [["title", "Nine Coaches Waiting"], ["author", "Berenice Wuckert"], ["cover_art", "some_url"], ["blurb", "Rerum nesciunt numquam. Quibusdam voluptatem qui. Accusantium rem non. Omnis debitis voluptates."], ["created_at", "2023-08-18 16:13:23.168886"], ["updated_at", "2023-08-18 16:13:23.168886"]]
  [1m[35m (0.4ms)[0m  [1m[35mCOMMIT[0m
  [1m[35m (0.2ms)[0m  [1m[35mBEGIN[0m
  [1m[36mBook Create (0.2ms)[0m  [1m[32mINSERT INTO "books" ("title", "author", "cover_art", "blurb", "created_at", "updated_at") VALUES ($1, $2, $3, $4, $5, $6) RETURNING "id"[0m  [["title", "Paths of Glory"], ["author", "Tyrone Lynch"], ["cover_art", "some_url"], ["blurb", "Iusto aspernatur voluptatibus. Fugiat nemo voluptates. Molestiae qui aut. Dolorum quasi nisi."], ["created_at", "2023-08-18 16:13:23.172021"], ["updated_at", "2023-08-18 16:13:23.172021"]]
  [1m[35m (0.4ms)[0m  [1m[35mCOMMIT[0m
  [1m[35m (0.1ms)[0m  [1m[35mBEGIN[0m
  [1m[36mBook Create (0.4ms)[0m  [1m[32mINSERT INTO "books" ("title", "author", "cover_art", "blurb", "created_at", "updated_at") VALUES ($1, $2, $3, $4, $5, $6) RETURNING "id"[0m  [["title", "Carrion Comfort"], ["author", "Edwin Reichert"], ["cover_art", "some_url"], ["blurb", "Nulla possimus repellat. Reprehenderit sapiente enim. Quidem illum incidunt. Omnis quia ratione."], ["created_at", "2023-08-18 16:13:23.175077"], ["updated_at", "2023-08-18 16:13:23.175077"]]
  [1m[35m (0.5ms)[0m  [1m[35mCOMMIT[0m
  [1m[35m (0.1ms)[0m  [1m[35mBEGIN[0m
  [1m[36mBook Create (0.2ms)[0m  [1m[32mINSERT INTO "books" ("title", "author", "cover_art", "blurb", "created_at", "updated_at") VALUES ($1, $2, $3, $4, $5, $6) RETURNING "id"[0m  [["title", "The Line of Beauty"], ["author", "Eleonora Reichert Ret."], ["cover_art", "some_url"], ["blurb", "Eum ut harum. Aut expedita sed. Atque velit harum. Consequatur nesciunt et."], ["created_at", "2023-08-18 16:13:23.178480"], ["updated_at", "2023-08-18 16:13:23.178480"]]
  [1m[35m (0.4ms)[0m  [1m[35mCOMMIT[0m
  [1m[35m (0.1ms)[0m  [1m[35mBEGIN[0m
  [1m[36mBook Create (0.2ms)[0m  [1m[32mINSERT INTO "books" ("title", "author", "cover_art", "blurb", "created_at", "updated_at") VALUES ($1, $2, $3, $4, $5, $6) RETURNING "id"[0m  [["title", "Those Barren Leaves, Thrones, Dominations"], ["author", "Brenna Rau"], ["cover_art", "some_url"], ["blurb", "Ut dicta nostrum. Distinctio qui et. Sint aut vero. Et qui hic."], ["created_at", "2023-08-18 16:13:23.181368"], ["updated_at", "2023-08-18 16:13:23.181368"]]
  [1m[35m (0.4ms)[0m  [1m[35mCOMMIT[0m
  [1m[35m (0.1ms)[0m  [1m[35mBEGIN[0m
  [1m[36mBook Create (0.2ms)[0m  [1m[32mINSERT INTO "books" ("title", "author", "cover_art", "blurb", "created_at", "updated_at") VALUES ($1, $2, $3, $4, $5, $6) RETURNING "id"[0m  [["title", "Vanity Fair"], ["author", "Normand Prosacco"], ["cover_art", "some_url"], ["blurb", "Consequatur at distinctio. Quia ipsa sit. Quo eos excepturi. Deserunt facilis quasi."], ["created_at", "2023-08-18 16:13:23.184303"], ["updated_at", "2023-08-18 16:13:23.184303"]]
  [1m[35m (0.5ms)[0m  [1m[35mCOMMIT[0m
  [1m[35m (0.1ms)[0m  [1m[35mBEGIN[0m
  [1m[36mBook Create (0.3ms)[0m  [1m[32mINSERT INTO "books" ("title", "author", "cover_art", "blurb", "created_at", "updated_at") VALUES ($1, $2, $3, $4, $5, $6) RETURNING "id"[0m  [["title", "I Will Fear No Evil"], ["author", "Lenny Sanford"], ["cover_art", "some_url"], ["blurb", "Ex atque iusto. Perspiciatis et quia. Est et dicta. Sed nisi et."], ["created_at", "2023-08-18 16:13:23.187339"], ["updated_at", "2023-08-18 16:13:23.187339"]]
  [1m[35m (0.5ms)[0m  [1m[35mCOMMIT[0m
  [1m[35m (0.1ms)[0m  [1m[35mBEGIN[0m
  [1m[36mBook Create (0.2ms)[0m  [1m[32mINSERT INTO "books" ("title", "author", "cover_art", "blurb", "created_at", "updated_at") VALUES ($1, $2, $3, $4, $5, $6) RETURNING "id"[0m  [["title", "No Longer at Ease"], ["author", "Chas Murazik LLD"], ["cover_art", "some_url"], ["blurb", "Perspiciatis sequi enim. Sed et distinctio. Odio quia ex. Voluptas sed quasi."], ["created_at", "2023-08-18 16:13:23.190463"], ["updated_at", "2023-08-18 16:13:23.190463"]]
  [1m[35m (0.4ms)[0m  [1m[35mCOMMIT[0m
  [1m[35m (0.5ms)[0m  [1m[34mSELECT "schema_migrations"."version" FROM "schema_migrations" ORDER BY "schema_migrations"."version" ASC[0m
  [1m[36mUser Load (0.6ms)[0m  [1m[34mSELECT "users".* FROM "users"[0m
  [1m[35m (0.2ms)[0m  [1m[35mBEGIN[0m
  [1m[36mUser Destroy (0.4ms)[0m  [1m[31mDELETE FROM "users" WHERE "users"."id" = $1[0m  [["id", 11]]
  [1m[35m (0.6ms)[0m  [1m[35mCOMMIT[0m
  [1m[35m (0.2ms)[0m  [1m[35mBEGIN[0m
  [1m[36mUser Destroy (0.2ms)[0m  [1m[31mDELETE FROM "users" WHERE "users"."id" = $1[0m  [["id", 12]]
  [1m[35m (0.5ms)[0m  [1m[35mCOMMIT[0m
  [1m[35m (0.1ms)[0m  [1m[35mBEGIN[0m
  [1m[36mUser Destroy (0.2ms)[0m  [1m[31mDELETE FROM "users" WHERE "users"."id" = $1[0m  [["id", 13]]
  [1m[35m (0.4ms)[0m  [1m[35mCOMMIT[0m
  [1m[35m (0.1ms)[0m  [1m[35mBEGIN[0m
  [1m[36mUser Destroy (0.2ms)[0m  [1m[31mDELETE FROM "users" WHERE "users"."id" = $1[0m  [["id", 14]]
  [1m[35m (0.5ms)[0m  [1m[35mCOMMIT[0m
  [1m[35m (0.1ms)[0m  [1m[35mBEGIN[0m
  [1m[36mUser Destroy (0.2ms)[0m  [1m[31mDELETE FROM "users" WHERE "users"."id" = $1[0m  [["id", 15]]
  [1m[35m (0.4ms)[0m  [1m[35mCOMMIT[0m
  [1m[36mBook Load (0.5ms)[0m  [1m[34mSELECT "books".* FROM "books"[0m
  [1m[35m (0.2ms)[0m  [1m[35mBEGIN[0m
  [1m[36mBook Destroy (0.3ms)[0m  [1m[31mDELETE FROM "books" WHERE "books"."id" = $1[0m  [["id", 11]]
  [1m[35m (0.4ms)[0m  [1m[35mCOMMIT[0m
  [1m[35m (0.2ms)[0m  [1m[35mBEGIN[0m
  [1m[36mBook Destroy (0.3ms)[0m  [1m[31mDELETE FROM "books" WHERE "books"."id" = $1[0m  [["id", 12]]
  [1m[35m (0.5ms)[0m  [1m[35mCOMMIT[0m
  [1m[35m (0.1ms)[0m  [1m[35mBEGIN[0m
  [1m[36mBook Destroy (0.2ms)[0m  [1m[31mDELETE FROM "books" WHERE "books"."id" = $1[0m  [["id", 13]]
  [1m[35m (0.4ms)[0m  [1m[35mCOMMIT[0m
  [1m[35m (0.1ms)[0m  [1m[35mBEGIN[0m
  [1m[36mBook Destroy (0.2ms)[0m  [1m[31mDELETE FROM "books" WHERE "books"."id" = $1[0m  [["id", 14]]
  [1m[35m (0.3ms)[0m  [1m[35mCOMMIT[0m
  [1m[35m (0.1ms)[0m  [1m[35mBEGIN[0m
  [1m[36mBook Destroy (0.2ms)[0m  [1m[31mDELETE FROM "books" WHERE "books"."id" = $1[0m  [["id", 15]]
  [1m[35m (0.4ms)[0m  [1m[35mCOMMIT[0m
  [1m[35m (0.1ms)[0m  [1m[35mBEGIN[0m
  [1m[36mBook Destroy (0.2ms)[0m  [1m[31mDELETE FROM "books" WHERE "books"."id" = $1[0m  [["id", 16]]
  [1m[35m (0.5ms)[0m  [1m[35mCOMMIT[0m
  [1m[35m (0.1ms)[0m  [1m[35mBEGIN[0m
  [1m[36mBook Destroy (0.2ms)[0m  [1m[31mDELETE FROM "books" WHERE "books"."id" = $1[0m  [["id", 17]]
  [1m[35m (0.5ms)[0m  [1m[35mCOMMIT[0m
  [1m[35m (0.1ms)[0m  [1m[35mBEGIN[0m
  [1m[36mBook Destroy (0.2ms)[0m  [1m[31mDELETE FROM "books" WHERE "books"."id" = $1[0m  [["id", 18]]
  [1m[35m (0.5ms)[0m  [1m[35mCOMMIT[0m
  [1m[35m (0.1ms)[0m  [1m[35mBEGIN[0m
  [1m[36mBook Destroy (0.2ms)[0m  [1m[31mDELETE FROM "books" WHERE "books"."id" = $1[0m  [["id", 19]]
  [1m[35m (0.4ms)[0m  [1m[35mCOMMIT[0m
  [1m[35m (0.1ms)[0m  [1m[35mBEGIN[0m
  [1m[36mBook Destroy (0.2ms)[0m  [1m[31mDELETE FROM "books" WHERE "books"."id" = $1[0m  [["id", 20]]
  [1m[35m (0.4ms)[0m  [1m[35mCOMMIT[0m
  [1m[36mLoan Load (0.4ms)[0m  [1m[34mSELECT "loans".* FROM "loans"[0m
  [1m[36mReview Load (0.5ms)[0m  [1m[34mSELECT "reviews".* FROM "reviews"[0m
  [1m[35m (0.2ms)[0m  [1m[35mBEGIN[0m
  [1m[36mUser Create (0.4ms)[0m  [1m[32mINSERT INTO "users" ("username", "email", "created_at", "updated_at") VALUES ($1, $2, $3, $4) RETURNING "id"[0m  [["username", "Shea Gottlieb"], ["email", "andrea.koch"], ["created_at", "2023-08-18 16:13:45.492107"], ["updated_at", "2023-08-18 16:13:45.492107"]]
  [1m[35m (0.7ms)[0m  [1m[35mCOMMIT[0m
  [1m[35m (0.1ms)[0m  [1m[35mBEGIN[0m
  [1m[36mUser Create (0.2ms)[0m  [1m[32mINSERT INTO "users" ("username", "email", "created_at", "updated_at") VALUES ($1, $2, $3, $4) RETURNING "id"[0m  [["username", "Kenneth Homenick"], ["email", "ryan.marks"], ["created_at", "2023-08-18 16:13:45.496145"], ["updated_at", "2023-08-18 16:13:45.496145"]]
  [1m[35m (0.4ms)[0m  [1m[35mCOMMIT[0m
  [1m[35m (0.1ms)[0m  [1m[35mBEGIN[0m
  [1m[36mUser Create (0.2ms)[0m  [1m[32mINSERT INTO "users" ("username", "email", "created_at", "updated_at") VALUES ($1, $2, $3, $4) RETURNING "id"[0m  [["username", "Evalyn Powlowski I"], ["email", "fredrick.huel"], ["created_at", "2023-08-18 16:13:45.499267"], ["updated_at", "2023-08-18 16:13:45.499267"]]
  [1m[35m (0.5ms)[0m  [1m[35mCOMMIT[0m
  [1m[35m (0.1ms)[0m  [1m[35mBEGIN[0m
  [1m[36mUser Create (0.3ms)[0m  [1m[32mINSERT INTO "users" ("username", "email", "created_at", "updated_at") VALUES ($1, $2, $3, $4) RETURNING "id"[0m  [["username", "Fonda Gulgowski DVM"], ["email", "joselyn.mitchell"], ["created_at", "2023-08-18 16:13:45.502477"], ["updated_at", "2023-08-18 16:13:45.502477"]]
  [1m[35m (0.5ms)[0m  [1m[35mCOMMIT[0m
  [1m[35m (0.1ms)[0m  [1m[35mBEGIN[0m
  [1m[36mUser Create (0.3ms)[0m  [1m[32mINSERT INTO "users" ("username", "email", "created_at", "updated_at") VALUES ($1, $2, $3, $4) RETURNING "id"[0m  [["username", "Prof. Carleen Gorczany"], ["email", "jarod.rath.ii"], ["created_at", "2023-08-18 16:13:45.505556"], ["updated_at", "2023-08-18 16:13:45.505556"]]
  [1m[35m (0.4ms)[0m  [1m[35mCOMMIT[0m
  [1m[35m (0.1ms)[0m  [1m[35mBEGIN[0m
  [1m[36mBook Create (0.3ms)[0m  [1m[32mINSERT INTO "books" ("title", "author", "cover_art", "blurb", "created_at", "updated_at") VALUES ($1, $2, $3, $4, $5, $6) RETURNING "id"[0m  [["title", "Moab Is My Washpot"], ["author", "Eloy Murphy"], ["cover_art", "some_url"], ["blurb", "Esse quos ea. Occaecati illum commodi. Omnis aut nostrum. Qui perspiciatis aut."], ["created_at", "2023-08-18 16:13:45.508953"], ["updated_at", "2023-08-18 16:13:45.508953"]]
  [1m[35m (0.4ms)[0m  [1m[35mCOMMIT[0m
  [1m[35m (0.1ms)[0m  [1m[35mBEGIN[0m
  [1m[36mBook Create (0.2ms)[0m  [1m[32mINSERT INTO "books" ("title", "author", "cover_art", "blurb", "created_at", "updated_at") VALUES ($1, $2, $3, $4, $5, $6) RETURNING "id"[0m  [["title", "After Many a Summer Dies the Swan"], ["author", "Florencio Flatley"], ["cover_art", "some_url"], ["blurb", "Ut consequuntur sunt. Voluptatibus nam ullam. Repellendus repudiandae nihil. Non distinctio rem."], ["created_at", "2023-08-18 16:13:45.512214"], ["updated_at", "2023-08-18 16:13:45.512214"]]
  [1m[35m (0.4ms)[0m  [1m[35mCOMMIT[0m
  [1m[35m (0.1ms)[0m  [1m[35mBEGIN[0m
  [1m[36mBook Create (0.3ms)[0m  [1m[32mINSERT INTO "books" ("title", "author", "cover_art", "blurb", "created_at", "updated_at") VALUES ($1, $2, $3, $4, $5, $6) RETURNING "id"[0m  [["title", "Time of our Darkness"], ["author", "Myles Kassulke"], ["cover_art", "some_url"], ["blurb", "Consequuntur ducimus aut. Omnis blanditiis excepturi. Veritatis voluptas est. Et est sed."], ["created_at", "2023-08-18 16:13:45.515325"], ["updated_at", "2023-08-18 16:13:45.515325"]]
  [1m[35m (0.5ms)[0m  [1m[35mCOMMIT[0m
  [1m[35m (0.1ms)[0m  [1m[35mBEGIN[0m
  [1m[36mBook Create (0.2ms)[0m  [1m[32mINSERT INTO "books" ("title", "author", "cover_art", "blurb", "created_at", "updated_at") VALUES ($1, $2, $3, $4, $5, $6) RETURNING "id"[0m  [["title", "The Daffodil Sky"], ["author", "Mike Dibbert"], ["cover_art", "some_url"], ["blurb", "Nihil sint sint. Vero saepe sint. Aspernatur qui eveniet. Exercitationem at illo."], ["created_at", "2023-08-18 16:13:45.518712"], ["updated_at", "2023-08-18 16:13:45.518712"]]
  [1m[35m (0.4ms)[0m  [1m[35mCOMMIT[0m
  [1m[35m (0.1ms)[0m  [1m[35mBEGIN[0m
  [1m[36mBook Create (0.2ms)[0m  [1m[32mINSERT INTO "books" ("title", "author", "cover_art", "blurb", "created_at", "updated_at") VALUES ($1, $2, $3, $4, $5, $6) RETURNING "id"[0m  [["title", "Infinite Jest"], ["author", "September Bode"], ["cover_art", "some_url"], ["blurb", "Eveniet maxime minima. Et vel quo. Commodi occaecati maxime. Velit quos aut."], ["created_at", "2023-08-18 16:13:45.521842"], ["updated_at", "2023-08-18 16:13:45.521842"]]
  [1m[35m (0.5ms)[0m  [1m[35mCOMMIT[0m
  [1m[35m (0.1ms)[0m  [1m[35mBEGIN[0m
  [1m[36mBook Create (0.3ms)[0m  [1m[32mINSERT INTO "books" ("title", "author", "cover_art", "blurb", "created_at", "updated_at") VALUES ($1, $2, $3, $4, $5, $6) RETURNING "id"[0m  [["title", "Endless Night"], ["author", "Eli Legros"], ["cover_art", "some_url"], ["blurb", "Voluptatem reprehenderit repudiandae. Asperiores consequatur aliquam. Consequatur cum quo. Sit temporibus id."], ["created_at", "2023-08-18 16:13:45.525334"], ["updated_at", "2023-08-18 16:13:45.525334"]]
  [1m[35m (0.4ms)[0m  [1m[35mCOMMIT[0m
  [1m[35m (0.1ms)[0m  [1m[35mBEGIN[0m
  [1m[36mBook Create (0.3ms)[0m  [1m[32mINSERT INTO "books" ("title", "author", "cover_art", "blurb", "created_at", "updated_at") VALUES ($1, $2, $3, $4, $5, $6) RETURNING "id"[0m  [["title", "Alone on a Wide, Wide Sea"], ["author", "Mathew Parisian CPA"], ["cover_art", "some_url"], ["blurb", "Neque dolor minima. Porro non dolores. Fuga error expedita. Fugiat quidem omnis."], ["created_at", "2023-08-18 16:13:45.528675"], ["updated_at", "2023-08-18 16:13:45.528675"]]
  [1m[35m (0.5ms)[0m  [1m[35mCOMMIT[0m
  [1m[35m (0.1ms)[0m  [1m[35mBEGIN[0m
  [1m[36mBook Create (0.3ms)[0m  [1m[32mINSERT INTO "books" ("title", "author", "cover_art", "blurb", "created_at", "updated_at") VALUES ($1, $2, $3, $4, $5, $6) RETURNING "id"[0m  [["title", "Have His Carcase"], ["author", "Eugene Huels"], ["cover_art", "some_url"], ["blurb", "Rerum dignissimos dolor. Sit autem rerum. Natus sed esse. Velit iusto et."], ["created_at", "2023-08-18 16:13:45.531983"], ["updated_at", "2023-08-18 16:13:45.531983"]]
  [1m[35m (0.4ms)[0m  [1m[35mCOMMIT[0m
  [1m[35m (0.1ms)[0m  [1m[35mBEGIN[0m
  [1m[36mBook Create (0.2ms)[0m  [1m[32mINSERT INTO "books" ("title", "author", "cover_art", "blurb", "created_at", "updated_at") VALUES ($1, $2, $3, $4, $5, $6) RETURNING "id"[0m  [["title", "Jesting Pilate"], ["author", "Prof. Carri Nicolas"], ["cover_art", "some_url"], ["blurb", "Et dolores sed. Impedit possimus qui. Alias qui recusandae. Vero id autem."], ["created_at", "2023-08-18 16:13:45.535313"], ["updated_at", "2023-08-18 16:13:45.535313"]]
  [1m[35m (0.4ms)[0m  [1m[35mCOMMIT[0m
  [1m[35m (0.1ms)[0m  [1m[35mBEGIN[0m
  [1m[36mBook Create (0.2ms)[0m  [1m[32mINSERT INTO "books" ("title", "author", "cover_art", "blurb", "created_at", "updated_at") VALUES ($1, $2, $3, $4, $5, $6) RETURNING "id"[0m  [["title", "Beneath the Bleeding"], ["author", "Mr. Marsha Romaguera"], ["cover_art", "some_url"], ["blurb", "Quisquam modi quia. Omnis quos praesentium. Iste quia aliquam. Vitae dolor nihil."], ["created_at", "2023-08-18 16:13:45.538520"], ["updated_at", "2023-08-18 16:13:45.538520"]]
  [1m[35m (0.7ms)[0m  [1m[35mCOMMIT[0m
  [1m[35m (0.7ms)[0m  [1m[34mSELECT "schema_migrations"."version" FROM "schema_migrations" ORDER BY "schema_migrations"."version" ASC[0m
  [1m[35m (0.5ms)[0m  [1m[34mSELECT "schema_migrations"."version" FROM "schema_migrations" ORDER BY "schema_migrations"."version" ASC[0m
  [1m[36mUser Load (0.5ms)[0m  [1m[34mSELECT "users".* FROM "users"[0m
  [1m[35m (0.2ms)[0m  [1m[35mBEGIN[0m
  [1m[36mUser Destroy (0.4ms)[0m  [1m[31mDELETE FROM "users" WHERE "users"."id" = $1[0m  [["id", 16]]
  [1m[35m (0.5ms)[0m  [1m[35mCOMMIT[0m
  [1m[35m (0.1ms)[0m  [1m[35mBEGIN[0m
  [1m[36mUser Destroy (0.3ms)[0m  [1m[31mDELETE FROM "users" WHERE "users"."id" = $1[0m  [["id", 17]]
  [1m[35m (0.5ms)[0m  [1m[35mCOMMIT[0m
  [1m[35m (0.1ms)[0m  [1m[35mBEGIN[0m
  [1m[36mUser Destroy (0.2ms)[0m  [1m[31mDELETE FROM "users" WHERE "users"."id" = $1[0m  [["id", 18]]
  [1m[35m (0.5ms)[0m  [1m[35mCOMMIT[0m
  [1m[35m (0.1ms)[0m  [1m[35mBEGIN[0m
  [1m[36mUser Destroy (0.2ms)[0m  [1m[31mDELETE FROM "users" WHERE "users"."id" = $1[0m  [["id", 19]]
  [1m[35m (0.5ms)[0m  [1m[35mCOMMIT[0m
  [1m[35m (0.1ms)[0m  [1m[35mBEGIN[0m
  [1m[36mUser Destroy (0.2ms)[0m  [1m[31mDELETE FROM "users" WHERE "users"."id" = $1[0m  [["id", 20]]
  [1m[35m (0.5ms)[0m  [1m[35mCOMMIT[0m
  [1m[36mBook Load (0.4ms)[0m  [1m[34mSELECT "books".* FROM "books"[0m
  [1m[35m (0.1ms)[0m  [1m[35mBEGIN[0m
  [1m[36mBook Destroy (0.2ms)[0m  [1m[31mDELETE FROM "books" WHERE "books"."id" = $1[0m  [["id", 21]]
  [1m[35m (0.5ms)[0m  [1m[35mCOMMIT[0m
  [1m[35m (0.2ms)[0m  [1m[35mBEGIN[0m
  [1m[36mBook Destroy (0.2ms)[0m  [1m[31mDELETE FROM "books" WHERE "books"."id" = $1[0m  [["id", 22]]
  [1m[35m (0.5ms)[0m  [1m[35mCOMMIT[0m
  [1m[35m (0.1ms)[0m  [1m[35mBEGIN[0m
  [1m[36mBook Destroy (0.2ms)[0m  [1m[31mDELETE FROM "books" WHERE "books"."id" = $1[0m  [["id", 23]]
  [1m[35m (0.6ms)[0m  [1m[35mCOMMIT[0m
  [1m[35m (0.2ms)[0m  [1m[35mBEGIN[0m
  [1m[36mBook Destroy (0.3ms)[0m  [1m[31mDELETE FROM "books" WHERE "books"."id" = $1[0m  [["id", 24]]
  [1m[35m (0.4ms)[0m  [1m[35mCOMMIT[0m
  [1m[35m (0.1ms)[0m  [1m[35mBEGIN[0m
  [1m[36mBook Destroy (0.2ms)[0m  [1m[31mDELETE FROM "books" WHERE "books"."id" = $1[0m  [["id", 25]]
  [1m[35m (0.4ms)[0m  [1m[35mCOMMIT[0m
  [1m[35m (0.1ms)[0m  [1m[35mBEGIN[0m
  [1m[36mBook Destroy (0.2ms)[0m  [1m[31mDELETE FROM "books" WHERE "books"."id" = $1[0m  [["id", 26]]
  [1m[35m (0.5ms)[0m  [1m[35mCOMMIT[0m
  [1m[35m (0.1ms)[0m  [1m[35mBEGIN[0m
  [1m[36mBook Destroy (0.2ms)[0m  [1m[31mDELETE FROM "books" WHERE "books"."id" = $1[0m  [["id", 27]]
  [1m[35m (0.5ms)[0m  [1m[35mCOMMIT[0m
  [1m[35m (0.1ms)[0m  [1m[35mBEGIN[0m
  [1m[36mBook Destroy (0.2ms)[0m  [1m[31mDELETE FROM "books" WHERE "books"."id" = $1[0m  [["id", 28]]
  [1m[35m (0.5ms)[0m  [1m[35mCOMMIT[0m
  [1m[35m (0.1ms)[0m  [1m[35mBEGIN[0m
  [1m[36mBook Destroy (0.2ms)[0m  [1m[31mDELETE FROM "books" WHERE "books"."id" = $1[0m  [["id", 29]]
  [1m[35m (0.4ms)[0m  [1m[35mCOMMIT[0m
  [1m[35m (0.1ms)[0m  [1m[35mBEGIN[0m
  [1m[36mBook Destroy (0.2ms)[0m  [1m[31mDELETE FROM "books" WHERE "books"."id" = $1[0m  [["id", 30]]
  [1m[35m (0.4ms)[0m  [1m[35mCOMMIT[0m
  [1m[36mLoan Load (0.4ms)[0m  [1m[34mSELECT "loans".* FROM "loans"[0m
  [1m[36mReview Load (0.4ms)[0m  [1m[34mSELECT "reviews".* FROM "reviews"[0m
  [1m[35m (0.1ms)[0m  [1m[35mBEGIN[0m
  [1m[36mUser Create (0.3ms)[0m  [1m[32mINSERT INTO "users" ("username", "email", "created_at", "updated_at") VALUES ($1, $2, $3, $4) RETURNING "id"[0m  [["username", "Sponge"], ["email", "sponge@gmail.com"], ["created_at", "2023-08-18 16:14:49.900677"], ["updated_at", "2023-08-18 16:14:49.900677"]]
  [1m[35m (0.5ms)[0m  [1m[35mCOMMIT[0m
  [1m[35m (0.1ms)[0m  [1m[35mBEGIN[0m
  [1m[36mUser Create (0.3ms)[0m  [1m[32mINSERT INTO "users" ("username", "email", "created_at", "updated_at") VALUES ($1, $2, $3, $4) RETURNING "id"[0m  [["username", "Maddy"], ["email", "maddy@gmail.com"], ["created_at", "2023-08-18 16:14:49.903827"], ["updated_at", "2023-08-18 16:14:49.903827"]]
  [1m[35m (0.4ms)[0m  [1m[35mCOMMIT[0m
  [1m[35m (0.1ms)[0m  [1m[35mBEGIN[0m
  [1m[36mBook Create (0.2ms)[0m  [1m[32mINSERT INTO "books" ("title", "author", "cover_art", "blurb", "created_at", "updated_at") VALUES ($1, $2, $3, $4, $5, $6) RETURNING "id"[0m  [["title", "War and Peace"], ["author", "Who Knows"], ["cover_art", "some_url"], ["blurb", "I've never read this book"], ["created_at", "2023-08-18 16:14:49.906760"], ["updated_at", "2023-08-18 16:14:49.906760"]]
  [1m[35m (0.3ms)[0m  [1m[35mCOMMIT[0m
  [1m[35m (0.1ms)[0m  [1m[35mBEGIN[0m
  [1m[36mBook Create (0.2ms)[0m  [1m[32mINSERT INTO "books" ("title", "author", "cover_art", "blurb", "created_at", "updated_at") VALUES ($1, $2, $3, $4, $5, $6) RETURNING "id"[0m  [["title", "The Rainbow Fish"], ["author", "Who Knows"], ["cover_art", "some_url"], ["blurb", "A story about a colorful fish"], ["created_at", "2023-08-18 16:14:49.909280"], ["updated_at", "2023-08-18 16:14:49.909280"]]
  [1m[35m (0.4ms)[0m  [1m[35mCOMMIT[0m
  [1m[35m (0.1ms)[0m  [1m[35mBEGIN[0m
  [1m[36mUser Load (0.2ms)[0m  [1m[34mSELECT "users".* FROM "users" WHERE "users"."id" = $1 LIMIT $2[0m  [["id", 21], ["LIMIT", 1]]
  [1m[36mBook Load (0.2ms)[0m  [1m[34mSELECT "books".* FROM "books" WHERE "books"."id" = $1 LIMIT $2[0m  [["id", 32], ["LIMIT", 1]]
  [1m[36mLoan Create (0.3ms)[0m  [1m[32mINSERT INTO "loans" ("user_id", "book_id", "due", "created_at", "updated_at") VALUES ($1, $2, $3, $4, $5) RETURNING "id"[0m  [["user_id", 21], ["book_id", 32], ["due", "2023-08-25"], ["created_at", "2023-08-18 16:14:49.925175"], ["updated_at", "2023-08-18 16:14:49.925175"]]
  [1m[35m (0.5ms)[0m  [1m[35mCOMMIT[0m
  [1m[35m (0.2ms)[0m  [1m[35mBEGIN[0m
  [1m[36mUser Load (0.3ms)[0m  [1m[34mSELECT "users".* FROM "users" WHERE "users"."id" = $1 LIMIT $2[0m  [["id", 21], ["LIMIT", 1]]
  [1m[36mBook Load (0.2ms)[0m  [1m[34mSELECT "books".* FROM "books" WHERE "books"."id" = $1 LIMIT $2[0m  [["id", 31], ["LIMIT", 1]]
  [1m[36mLoan Create (0.3ms)[0m  [1m[32mINSERT INTO "loans" ("user_id", "book_id", "due", "created_at", "updated_at") VALUES ($1, $2, $3, $4, $5) RETURNING "id"[0m  [["user_id", 21], ["book_id", 31], ["due", "2023-08-25"], ["created_at", "2023-08-18 16:14:49.930820"], ["updated_at", "2023-08-18 16:14:49.930820"]]
  [1m[35m (0.5ms)[0m  [1m[35mCOMMIT[0m
  [1m[35m (0.2ms)[0m  [1m[35mBEGIN[0m
  [1m[36mUser Load (0.2ms)[0m  [1m[34mSELECT "users".* FROM "users" WHERE "users"."id" = $1 LIMIT $2[0m  [["id", 22], ["LIMIT", 1]]
  [1m[36mBook Load (0.2ms)[0m  [1m[34mSELECT "books".* FROM "books" WHERE "books"."id" = $1 LIMIT $2[0m  [["id", 31], ["LIMIT", 1]]
  [1m[36mLoan Create (0.2ms)[0m  [1m[32mINSERT INTO "loans" ("user_id", "book_id", "due", "created_at", "updated_at") VALUES ($1, $2, $3, $4, $5) RETURNING "id"[0m  [["user_id", 22], ["book_id", 31], ["due", "2023-08-25"], ["created_at", "2023-08-18 16:14:49.935884"], ["updated_at", "2023-08-18 16:14:49.935884"]]
  [1m[35m (0.5ms)[0m  [1m[35mCOMMIT[0m
  [1m[35m (0.2ms)[0m  [1m[35mBEGIN[0m
  [1m[36mUser Load (0.3ms)[0m  [1m[34mSELECT "users".* FROM "users" WHERE "users"."id" = $1 LIMIT $2[0m  [["id", 21], ["LIMIT", 1]]
  [1m[36mBook Load (0.2ms)[0m  [1m[34mSELECT "books".* FROM "books" WHERE "books"."id" = $1 LIMIT $2[0m  [["id", 32], ["LIMIT", 1]]
  [1m[36mReview Create (0.3ms)[0m  [1m[32mINSERT INTO "reviews" ("user_id", "title", "body", "stars", "created_at", "updated_at", "book_id") VALUES ($1, $2, $3, $4, $5, $6, $7) RETURNING "id"[0m  [["user_id", 21], ["title", "Good book"], ["body", "Loved any stories about fish"], ["stars", 4], ["created_at", "2023-08-18 16:14:49.946663"], ["updated_at", "2023-08-18 16:14:49.946663"], ["book_id", 32]]
  [1m[35m (0.5ms)[0m  [1m[35mCOMMIT[0m
  [1m[35m (0.5ms)[0m  [1m[34mSELECT "schema_migrations"."version" FROM "schema_migrations" ORDER BY "schema_migrations"."version" ASC[0m
  [1m[36mUser Load (0.5ms)[0m  [1m[34mSELECT "users".* FROM "users"[0m
  [1m[35m (0.1ms)[0m  [1m[35mBEGIN[0m
  [1m[36mUser Destroy (0.4ms)[0m  [1m[31mDELETE FROM "users" WHERE "users"."id" = $1[0m  [["id", 21]]
  [1m[35m (0.8ms)[0m  [1m[35mCOMMIT[0m
  [1m[35m (0.2ms)[0m  [1m[35mBEGIN[0m
  [1m[36mUser Destroy (0.3ms)[0m  [1m[31mDELETE FROM "users" WHERE "users"."id" = $1[0m  [["id", 22]]
  [1m[35m (0.5ms)[0m  [1m[35mCOMMIT[0m
  [1m[36mBook Load (0.5ms)[0m  [1m[34mSELECT "books".* FROM "books"[0m
  [1m[35m (0.1ms)[0m  [1m[35mBEGIN[0m
  [1m[36mBook Destroy (0.3ms)[0m  [1m[31mDELETE FROM "books" WHERE "books"."id" = $1[0m  [["id", 31]]
  [1m[35m (0.5ms)[0m  [1m[35mCOMMIT[0m
  [1m[35m (0.1ms)[0m  [1m[35mBEGIN[0m
  [1m[36mBook Destroy (0.2ms)[0m  [1m[31mDELETE FROM "books" WHERE "books"."id" = $1[0m  [["id", 32]]
  [1m[35m (0.5ms)[0m  [1m[35mCOMMIT[0m
  [1m[36mLoan Load (0.4ms)[0m  [1m[34mSELECT "loans".* FROM "loans"[0m
  [1m[35m (0.1ms)[0m  [1m[35mBEGIN[0m
  [1m[36mLoan Destroy (0.3ms)[0m  [1m[31mDELETE FROM "loans" WHERE "loans"."id" = $1[0m  [["id", 7]]
  [1m[35m (0.5ms)[0m  [1m[35mCOMMIT[0m
  [1m[35m (0.1ms)[0m  [1m[35mBEGIN[0m
  [1m[36mLoan Destroy (0.3ms)[0m  [1m[31mDELETE FROM "loans" WHERE "loans"."id" = $1[0m  [["id", 8]]
  [1m[35m (0.5ms)[0m  [1m[35mCOMMIT[0m
  [1m[35m (0.1ms)[0m  [1m[35mBEGIN[0m
  [1m[36mLoan Destroy (0.2ms)[0m  [1m[31mDELETE FROM "loans" WHERE "loans"."id" = $1[0m  [["id", 9]]
  [1m[35m (0.5ms)[0m  [1m[35mCOMMIT[0m
  [1m[36mReview Load (0.4ms)[0m  [1m[34mSELECT "reviews".* FROM "reviews"[0m
  [1m[35m (0.2ms)[0m  [1m[35mBEGIN[0m
  [1m[36mReview Destroy (0.3ms)[0m  [1m[31mDELETE FROM "reviews" WHERE "reviews"."id" = $1[0m  [["id", 4]]
  [1m[35m (0.5ms)[0m  [1m[35mCOMMIT[0m
  [1m[35m (0.1ms)[0m  [1m[35mBEGIN[0m
  [1m[36mUser Create (0.4ms)[0m  [1m[32mINSERT INTO "users" ("username", "email", "created_at", "updated_at") VALUES ($1, $2, $3, $4) RETURNING "id"[0m  [["username", "Sponge"], ["email", "sponge@gmail.com"], ["created_at", "2023-08-18 16:16:59.354537"], ["updated_at", "2023-08-18 16:16:59.354537"]]
  [1m[35m (0.4ms)[0m  [1m[35mCOMMIT[0m
  [1m[35m (0.1ms)[0m  [1m[35mBEGIN[0m
  [1m[36mUser Create (0.2ms)[0m  [1m[32mINSERT INTO "users" ("username", "email", "created_at", "updated_at") VALUES ($1, $2, $3, $4) RETURNING "id"[0m  [["username", "Maddy"], ["email", "maddy@gmail.com"], ["created_at", "2023-08-18 16:16:59.357547"], ["updated_at", "2023-08-18 16:16:59.357547"]]
  [1m[35m (0.4ms)[0m  [1m[35mCOMMIT[0m
  [1m[35m (0.1ms)[0m  [1m[35mBEGIN[0m
  [1m[36mBook Create (0.3ms)[0m  [1m[32mINSERT INTO "books" ("title", "author", "cover_art", "blurb", "created_at", "updated_at") VALUES ($1, $2, $3, $4, $5, $6) RETURNING "id"[0m  [["title", "War and Peace"], ["author", "Who Knows"], ["cover_art", "some_url"], ["blurb", "I've never read this book"], ["created_at", "2023-08-18 16:16:59.360286"], ["updated_at", "2023-08-18 16:16:59.360286"]]
  [1m[35m (0.4ms)[0m  [1m[35mCOMMIT[0m
  [1m[35m (0.1ms)[0m  [1m[35mBEGIN[0m
  [1m[36mBook Create (0.2ms)[0m  [1m[32mINSERT INTO "books" ("title", "author", "cover_art", "blurb", "created_at", "updated_at") VALUES ($1, $2, $3, $4, $5, $6) RETURNING "id"[0m  [["title", "The Rainbow Fish"], ["author", "Who Knows"], ["cover_art", "some_url"], ["blurb", "A story about a colorful fish"], ["created_at", "2023-08-18 16:16:59.363072"], ["updated_at", "2023-08-18 16:16:59.363072"]]
  [1m[35m (0.3ms)[0m  [1m[35mCOMMIT[0m
  [1m[35m (0.2ms)[0m  [1m[35mBEGIN[0m
  [1m[36mUser Load (0.2ms)[0m  [1m[34mSELECT "users".* FROM "users" WHERE "users"."id" = $1 LIMIT $2[0m  [["id", 23], ["LIMIT", 1]]
  [1m[36mBook Load (0.2ms)[0m  [1m[34mSELECT "books".* FROM "books" WHERE "books"."id" = $1 LIMIT $2[0m  [["id", 34], ["LIMIT", 1]]
  [1m[36mLoan Create (0.3ms)[0m  [1m[32mINSERT INTO "loans" ("user_id", "book_id", "due", "created_at", "updated_at") VALUES ($1, $2, $3, $4, $5) RETURNING "id"[0m  [["user_id", 23], ["book_id", 34], ["due", "2023-08-25"], ["created_at", "2023-08-18 16:16:59.371255"], ["updated_at", "2023-08-18 16:16:59.371255"]]
  [1m[35m (0.5ms)[0m  [1m[35mCOMMIT[0m
  [1m[35m (0.1ms)[0m  [1m[35mBEGIN[0m
  [1m[36mUser Load (0.2ms)[0m  [1m[34mSELECT "users".* FROM "users" WHERE "users"."id" = $1 LIMIT $2[0m  [["id", 23], ["LIMIT", 1]]
  [1m[36mBook Load (0.2ms)[0m  [1m[34mSELECT "books".* FROM "books" WHERE "books"."id" = $1 LIMIT $2[0m  [["id", 33], ["LIMIT", 1]]
  [1m[36mLoan Create (0.2ms)[0m  [1m[32mINSERT INTO "loans" ("user_id", "book_id", "due", "created_at", "updated_at") VALUES ($1, $2, $3, $4, $5) RETURNING "id"[0m  [["user_id", 23], ["book_id", 33], ["due", "2023-08-25"], ["created_at", "2023-08-18 16:16:59.376405"], ["updated_at", "2023-08-18 16:16:59.376405"]]
  [1m[35m (0.5ms)[0m  [1m[35mCOMMIT[0m
  [1m[35m (0.1ms)[0m  [1m[35mBEGIN[0m
  [1m[36mUser Load (0.2ms)[0m  [1m[34mSELECT "users".* FROM "users" WHERE "users"."id" = $1 LIMIT $2[0m  [["id", 24], ["LIMIT", 1]]
  [1m[36mBook Load (0.2ms)[0m  [1m[34mSELECT "books".* FROM "books" WHERE "books"."id" = $1 LIMIT $2[0m  [["id", 33], ["LIMIT", 1]]
  [1m[36mLoan Create (0.2ms)[0m  [1m[32mINSERT INTO "loans" ("user_id", "book_id", "due", "created_at", "updated_at") VALUES ($1, $2, $3, $4, $5) RETURNING "id"[0m  [["user_id", 24], ["book_id", 33], ["due", "2023-08-25"], ["created_at", "2023-08-18 16:16:59.381233"], ["updated_at", "2023-08-18 16:16:59.381233"]]
  [1m[35m (0.6ms)[0m  [1m[35mCOMMIT[0m
  [1m[35m (0.2ms)[0m  [1m[35mBEGIN[0m
  [1m[36mUser Load (0.2ms)[0m  [1m[34mSELECT "users".* FROM "users" WHERE "users"."id" = $1 LIMIT $2[0m  [["id", 23], ["LIMIT", 1]]
  [1m[36mBook Load (0.2ms)[0m  [1m[34mSELECT "books".* FROM "books" WHERE "books"."id" = $1 LIMIT $2[0m  [["id", 34], ["LIMIT", 1]]
  [1m[36mReview Create (0.3ms)[0m  [1m[32mINSERT INTO "reviews" ("user_id", "title", "body", "stars", "created_at", "updated_at", "book_id") VALUES ($1, $2, $3, $4, $5, $6, $7) RETURNING "id"[0m  [["user_id", 23], ["title", "Good book"], ["body", "Loved any stories about fish"], ["stars", 4], ["created_at", "2023-08-18 16:16:59.386881"], ["updated_at", "2023-08-18 16:16:59.386881"], ["book_id", 34]]
  [1m[35m (0.6ms)[0m  [1m[35mCOMMIT[0m
  [1m[35m (0.2ms)[0m  [1m[35mBEGIN[0m
  [1m[36mUser Load (0.2ms)[0m  [1m[34mSELECT "users".* FROM "users" WHERE "users"."id" = $1 LIMIT $2[0m  [["id", 24], ["LIMIT", 1]]
  [1m[36mList Create (0.9ms)[0m  [1m[32mINSERT INTO "lists" ("user_id", "title", "created_at", "updated_at") VALUES ($1, $2, $3, $4) RETURNING "id"[0m  [["user_id", 24], ["title", "To Be Read"], ["created_at", "2023-08-18 16:16:59.407325"], ["updated_at", "2023-08-18 16:16:59.407325"]]
  [1m[35m (0.6ms)[0m  [1m[35mCOMMIT[0m
  [1m[35m (0.5ms)[0m  [1m[34mSELECT "schema_migrations"."version" FROM "schema_migrations" ORDER BY "schema_migrations"."version" ASC[0m
  [1m[36mUser Load (0.5ms)[0m  [1m[34mSELECT "users".* FROM "users"[0m
  [1m[35m (0.3ms)[0m  [1m[35mBEGIN[0m
  [1m[36mUser Destroy (0.7ms)[0m  [1m[31mDELETE FROM "users" WHERE "users"."id" = $1[0m  [["id", 23]]
  [1m[35m (0.7ms)[0m  [1m[35mCOMMIT[0m
  [1m[35m (0.3ms)[0m  [1m[35mBEGIN[0m
  [1m[36mUser Destroy (0.3ms)[0m  [1m[31mDELETE FROM "users" WHERE "users"."id" = $1[0m  [["id", 24]]
  [1m[35m (0.5ms)[0m  [1m[35mCOMMIT[0m
  [1m[36mBook Load (0.5ms)[0m  [1m[34mSELECT "books".* FROM "books"[0m
  [1m[35m (0.1ms)[0m  [1m[35mBEGIN[0m
  [1m[36mBook Destroy (0.2ms)[0m  [1m[31mDELETE FROM "books" WHERE "books"."id" = $1[0m  [["id", 33]]
  [1m[35m (0.5ms)[0m  [1m[35mCOMMIT[0m
  [1m[35m (0.2ms)[0m  [1m[35mBEGIN[0m
  [1m[36mBook Destroy (0.3ms)[0m  [1m[31mDELETE FROM "books" WHERE "books"."id" = $1[0m  [["id", 34]]
  [1m[35m (0.6ms)[0m  [1m[35mCOMMIT[0m
  [1m[36mLoan Load (0.4ms)[0m  [1m[34mSELECT "loans".* FROM "loans"[0m
  [1m[35m (0.1ms)[0m  [1m[35mBEGIN[0m
  [1m[36mLoan Destroy (0.3ms)[0m  [1m[31mDELETE FROM "loans" WHERE "loans"."id" = $1[0m  [["id", 10]]
  [1m[35m (0.4ms)[0m  [1m[35mCOMMIT[0m
  [1m[35m (0.1ms)[0m  [1m[35mBEGIN[0m
  [1m[36mLoan Destroy (0.2ms)[0m  [1m[31mDELETE FROM "loans" WHERE "loans"."id" = $1[0m  [["id", 11]]
  [1m[35m (0.4ms)[0m  [1m[35mCOMMIT[0m
  [1m[35m (0.1ms)[0m  [1m[35mBEGIN[0m
  [1m[36mLoan Destroy (0.3ms)[0m  [1m[31mDELETE FROM "loans" WHERE "loans"."id" = $1[0m  [["id", 12]]
  [1m[35m (0.6ms)[0m  [1m[35mCOMMIT[0m
  [1m[36mReview Load (0.5ms)[0m  [1m[34mSELECT "reviews".* FROM "reviews"[0m
  [1m[35m (0.1ms)[0m  [1m[35mBEGIN[0m
  [1m[36mReview Destroy (0.2ms)[0m  [1m[31mDELETE FROM "reviews" WHERE "reviews"."id" = $1[0m  [["id", 5]]
  [1m[35m (0.5ms)[0m  [1m[35mCOMMIT[0m
  [1m[35m (0.1ms)[0m  [1m[35mBEGIN[0m
  [1m[36mUser Create (0.4ms)[0m  [1m[32mINSERT INTO "users" ("username", "email", "created_at", "updated_at") VALUES ($1, $2, $3, $4) RETURNING "id"[0m  [["username", "Sponge"], ["email", "sponge@gmail.com"], ["created_at", "2023-08-18 16:17:11.178391"], ["updated_at", "2023-08-18 16:17:11.178391"]]
  [1m[35m (0.5ms)[0m  [1m[35mCOMMIT[0m
  [1m[35m (0.1ms)[0m  [1m[35mBEGIN[0m
  [1m[36mUser Create (0.3ms)[0m  [1m[32mINSERT INTO "users" ("username", "email", "created_at", "updated_at") VALUES ($1, $2, $3, $4) RETURNING "id"[0m  [["username", "Maddy"], ["email", "maddy@gmail.com"], ["created_at", "2023-08-18 16:17:11.181469"], ["updated_at", "2023-08-18 16:17:11.181469"]]
  [1m[35m (0.5ms)[0m  [1m[35mCOMMIT[0m
  [1m[35m (0.1ms)[0m  [1m[35mBEGIN[0m
  [1m[36mBook Create (0.3ms)[0m  [1m[32mINSERT INTO "books" ("title", "author", "cover_art", "blurb", "created_at", "updated_at") VALUES ($1, $2, $3, $4, $5, $6) RETURNING "id"[0m  [["title", "War and Peace"], ["author", "Who Knows"], ["cover_art", "some_url"], ["blurb", "I've never read this book"], ["created_at", "2023-08-18 16:17:11.184253"], ["updated_at", "2023-08-18 16:17:11.184253"]]
  [1m[35m (0.4ms)[0m  [1m[35mCOMMIT[0m
  [1m[35m (0.1ms)[0m  [1m[35mBEGIN[0m
  [1m[36mBook Create (0.2ms)[0m  [1m[32mINSERT INTO "books" ("title", "author", "cover_art", "blurb", "created_at", "updated_at") VALUES ($1, $2, $3, $4, $5, $6) RETURNING "id"[0m  [["title", "The Rainbow Fish"], ["author", "Who Knows"], ["cover_art", "some_url"], ["blurb", "A story about a colorful fish"], ["created_at", "2023-08-18 16:17:11.187038"], ["updated_at", "2023-08-18 16:17:11.187038"]]
  [1m[35m (0.4ms)[0m  [1m[35mCOMMIT[0m
  [1m[35m (0.2ms)[0m  [1m[35mBEGIN[0m
  [1m[36mUser Load (0.2ms)[0m  [1m[34mSELECT "users".* FROM "users" WHERE "users"."id" = $1 LIMIT $2[0m  [["id", 25], ["LIMIT", 1]]
  [1m[36mBook Load (0.2ms)[0m  [1m[34mSELECT "books".* FROM "books" WHERE "books"."id" = $1 LIMIT $2[0m  [["id", 36], ["LIMIT", 1]]
  [1m[36mLoan Create (0.3ms)[0m  [1m[32mINSERT INTO "loans" ("user_id", "book_id", "due", "created_at", "updated_at") VALUES ($1, $2, $3, $4, $5) RETURNING "id"[0m  [["user_id", 25], ["book_id", 36], ["due", "2023-08-25"], ["created_at", "2023-08-18 16:17:11.195857"], ["updated_at", "2023-08-18 16:17:11.195857"]]
  [1m[35m (0.5ms)[0m  [1m[35mCOMMIT[0m
  [1m[35m (0.1ms)[0m  [1m[35mBEGIN[0m
  [1m[36mUser Load (0.3ms)[0m  [1m[34mSELECT "users".* FROM "users" WHERE "users"."id" = $1 LIMIT $2[0m  [["id", 25], ["LIMIT", 1]]
  [1m[36mBook Load (0.2ms)[0m  [1m[34mSELECT "books".* FROM "books" WHERE "books"."id" = $1 LIMIT $2[0m  [["id", 35], ["LIMIT", 1]]
  [1m[36mLoan Create (0.2ms)[0m  [1m[32mINSERT INTO "loans" ("user_id", "book_id", "due", "created_at", "updated_at") VALUES ($1, $2, $3, $4, $5) RETURNING "id"[0m  [["user_id", 25], ["book_id", 35], ["due", "2023-08-25"], ["created_at", "2023-08-18 16:17:11.200794"], ["updated_at", "2023-08-18 16:17:11.200794"]]
  [1m[35m (0.5ms)[0m  [1m[35mCOMMIT[0m
  [1m[35m (0.1ms)[0m  [1m[35mBEGIN[0m
  [1m[36mUser Load (0.2ms)[0m  [1m[34mSELECT "users".* FROM "users" WHERE "users"."id" = $1 LIMIT $2[0m  [["id", 26], ["LIMIT", 1]]
  [1m[36mBook Load (0.2ms)[0m  [1m[34mSELECT "books".* FROM "books" WHERE "books"."id" = $1 LIMIT $2[0m  [["id", 35], ["LIMIT", 1]]
  [1m[36mLoan Create (0.3ms)[0m  [1m[32mINSERT INTO "loans" ("user_id", "book_id", "due", "created_at", "updated_at") VALUES ($1, $2, $3, $4, $5) RETURNING "id"[0m  [["user_id", 26], ["book_id", 35], ["due", "2023-08-25"], ["created_at", "2023-08-18 16:17:11.205586"], ["updated_at", "2023-08-18 16:17:11.205586"]]
  [1m[35m (0.5ms)[0m  [1m[35mCOMMIT[0m
  [1m[35m (0.2ms)[0m  [1m[35mBEGIN[0m
  [1m[36mUser Load (0.2ms)[0m  [1m[34mSELECT "users".* FROM "users" WHERE "users"."id" = $1 LIMIT $2[0m  [["id", 25], ["LIMIT", 1]]
  [1m[36mBook Load (0.2ms)[0m  [1m[34mSELECT "books".* FROM "books" WHERE "books"."id" = $1 LIMIT $2[0m  [["id", 36], ["LIMIT", 1]]
  [1m[36mReview Create (0.4ms)[0m  [1m[32mINSERT INTO "reviews" ("user_id", "title", "body", "stars", "created_at", "updated_at", "book_id") VALUES ($1, $2, $3, $4, $5, $6, $7) RETURNING "id"[0m  [["user_id", 25], ["title", "Good book"], ["body", "Loved any stories about fish"], ["stars", 4], ["created_at", "2023-08-18 16:17:11.210910"], ["updated_at", "2023-08-18 16:17:11.210910"], ["book_id", 36]]
  [1m[35m (0.6ms)[0m  [1m[35mCOMMIT[0m
  [1m[35m (0.2ms)[0m  [1m[35mBEGIN[0m
  [1m[36mUser Load (0.3ms)[0m  [1m[34mSELECT "users".* FROM "users" WHERE "users"."id" = $1 LIMIT $2[0m  [["id", 26], ["LIMIT", 1]]
  [1m[36mList Create (0.4ms)[0m  [1m[32mINSERT INTO "lists" ("user_id", "title", "created_at", "updated_at") VALUES ($1, $2, $3, $4) RETURNING "id"[0m  [["user_id", 26], ["title", "To Be Read"], ["created_at", "2023-08-18 16:17:11.228990"], ["updated_at", "2023-08-18 16:17:11.228990"]]
  [1m[35m (0.5ms)[0m  [1m[35mCOMMIT[0m
  [1m[35m (0.2ms)[0m  [1m[35mBEGIN[0m
  [1m[36mList Load (0.3ms)[0m  [1m[34mSELECT "lists".* FROM "lists" WHERE "lists"."id" = $1 LIMIT $2[0m  [["id", 2], ["LIMIT", 1]]
  [1m[36mBook Load (0.2ms)[0m  [1m[34mSELECT "books".* FROM "books" WHERE "books"."id" = $1 LIMIT $2[0m  [["id", 35], ["LIMIT", 1]]
  [1m[36mListBook Create (0.7ms)[0m  [1m[32mINSERT INTO "list_books" ("list_id", "book_id", "created_at", "updated_at") VALUES ($1, $2, $3, $4) RETURNING "id"[0m  [["list_id", 2], ["book_id", 35], ["created_at", "2023-08-18 16:17:11.240487"], ["updated_at", "2023-08-18 16:17:11.240487"]]
  [1m[35m (0.5ms)[0m  [1m[35mCOMMIT[0m
  [1m[36mUser Load (0.4ms)[0m  [1m[34mSELECT "users".* FROM "users" ORDER BY "users"."id" ASC LIMIT $1[0m  [["LIMIT", 1]]
  [1m[36mBook Load (0.5ms)[0m  [1m[34mSELECT "books".* FROM "books" INNER JOIN "loans" ON "books"."id" = "loans"."book_id" WHERE "loans"."user_id" = $1 LIMIT $2[0m  [["user_id", 25], ["LIMIT", 11]]
  [1m[36mUser Load (0.7ms)[0m  [1m[34mSELECT "users".* FROM "users" ORDER BY "users"."id" ASC LIMIT $1[0m  [["LIMIT", 1]]
  [1m[35m (0.9ms)[0m  [1m[34mSELECT COUNT(*) FROM "books" INNER JOIN "loans" ON "books"."id" = "loans"."book_id" WHERE "loans"."user_id" = $1[0m  [["user_id", 25]]
  [1m[36mUser Load (0.7ms)[0m  [1m[34mSELECT "users".* FROM "users" ORDER BY "users"."id" ASC LIMIT $1[0m  [["LIMIT", 1]]
  [1m[35m (0.7ms)[0m  [1m[34mSELECT COUNT(*) FROM "reviews" WHERE "reviews"."user_id" = $1[0m  [["user_id", 25]]
  [1m[36mUser Load (0.5ms)[0m  [1m[34mSELECT "users".* FROM "users" ORDER BY "users"."id" ASC LIMIT $1[0m  [["LIMIT", 1]]
  [1m[36mBook Load (0.5ms)[0m  [1m[34mSELECT "books".* FROM "books" INNER JOIN "reviews" ON "books"."id" = "reviews"."book_id" WHERE "reviews"."user_id" = $1 LIMIT $2[0m  [["user_id", 25], ["LIMIT", 11]]
  [1m[36mUser Load (0.7ms)[0m  [1m[34mSELECT "users".* FROM "users" ORDER BY "users"."id" ASC LIMIT $1[0m  [["LIMIT", 1]]
  [1m[36mReview Load (0.4ms)[0m  [1m[34mSELECT "reviews".* FROM "reviews" WHERE "reviews"."user_id" = $1 LIMIT $2[0m  [["user_id", 25], ["LIMIT", 11]]
  [1m[36mUser Load (0.7ms)[0m  [1m[34mSELECT "users".* FROM "users" ORDER BY "users"."id" ASC LIMIT $1[0m  [["LIMIT", 1]]
  [1m[36mLoan Load (0.5ms)[0m  [1m[34mSELECT "loans".* FROM "loans" WHERE "loans"."user_id" = $1 LIMIT $2[0m  [["user_id", 25], ["LIMIT", 11]]
  [1m[36mUser Load (0.6ms)[0m  [1m[34mSELECT "users".* FROM "users" ORDER BY "users"."id" ASC LIMIT $1[0m  [["LIMIT", 1]]
  [1m[35m (0.6ms)[0m  [1m[34mSELECT COUNT(*) FROM "loans" WHERE "loans"."user_id" = $1[0m  [["user_id", 25]]
  [1m[36mUser Load (0.5ms)[0m  [1m[34mSELECT "users".* FROM "users" ORDER BY "users"."id" DESC LIMIT $1[0m  [["LIMIT", 1]]
  [1m[36mList Load (0.6ms)[0m  [1m[34mSELECT "lists".* FROM "lists" WHERE "lists"."user_id" = $1 LIMIT $2[0m  [["user_id", 26], ["LIMIT", 11]]
  [1m[36mUser Load (0.7ms)[0m  [1m[34mSELECT "users".* FROM "users" ORDER BY "users"."id" DESC LIMIT $1[0m  [["LIMIT", 1]]
  [1m[35m (0.5ms)[0m  [1m[34mSELECT COUNT(*) FROM "lists" WHERE "lists"."user_id" = $1[0m  [["user_id", 26]]
  [1m[36mUser Load (0.7ms)[0m  [1m[34mSELECT "users".* FROM "users" ORDER BY "users"."id" DESC LIMIT $1[0m  [["LIMIT", 1]]
  [1m[36mList Load (0.3ms)[0m  [1m[34mSELECT "lists".* FROM "lists" WHERE "lists"."user_id" = $1 ORDER BY "lists"."id" DESC LIMIT $2[0m  [["user_id", 26], ["LIMIT", 1]]
  [1m[36mBook Load (0.5ms)[0m  [1m[34mSELECT "books".* FROM "books" INNER JOIN "list_books" ON "books"."id" = "list_books"."book_id" WHERE "list_books"."list_id" = $1 LIMIT $2[0m  [["list_id", 2], ["LIMIT", 11]]
  [1m[36mUser Load (0.4ms)[0m  [1m[34mSELECT "users".* FROM "users" ORDER BY "users"."id" DESC LIMIT $1[0m  [["LIMIT", 1]]
  [1m[36mBook Load (0.4ms)[0m  [1m[34mSELECT "books".* FROM "books" INNER JOIN "loans" ON "books"."id" = "loans"."book_id" WHERE "loans"."user_id" = $1 LIMIT $2[0m  [["user_id", 26], ["LIMIT", 11]]
  [1m[36mUser Load (0.7ms)[0m  [1m[34mSELECT "users".* FROM "users" ORDER BY "users"."id" DESC LIMIT $1[0m  [["LIMIT", 1]]
  [1m[36mReview Load (0.5ms)[0m  [1m[34mSELECT "reviews".* FROM "reviews" WHERE "reviews"."user_id" = $1 LIMIT $2[0m  [["user_id", 26], ["LIMIT", 11]]
  [1m[36mBook Load (0.6ms)[0m  [1m[34mSELECT "books".* FROM "books" ORDER BY "books"."id" ASC LIMIT $1[0m  [["LIMIT", 1]]
  [1m[36mList Load (0.6ms)[0m  [1m[34mSELECT "lists".* FROM "lists" INNER JOIN "list_books" ON "lists"."id" = "list_books"."list_id" WHERE "list_books"."book_id" = $1 LIMIT $2[0m  [["book_id", 35], ["LIMIT", 11]]
  [1m[36mBook Load (1.2ms)[0m  [1m[34mSELECT "books".* FROM "books" ORDER BY "books"."id" ASC LIMIT $1[0m  [["LIMIT", 1]]
  [1m[35m (0.8ms)[0m  [1m[34mSELECT COUNT(*) FROM "lists" INNER JOIN "list_books" ON "lists"."id" = "list_books"."list_id" WHERE "list_books"."book_id" = $1[0m  [["book_id", 35]]
  [1m[36mBook Load (0.7ms)[0m  [1m[34mSELECT "books".* FROM "books" ORDER BY "books"."id" ASC LIMIT $1[0m  [["LIMIT", 1]]
  [1m[36mReview Load (0.5ms)[0m  [1m[34mSELECT "reviews".* FROM "reviews" WHERE "reviews"."book_id" = $1 LIMIT $2[0m  [["book_id", 35], ["LIMIT", 11]]
  [1m[36mBook Load (0.6ms)[0m  [1m[34mSELECT "books".* FROM "books" ORDER BY "books"."id" DESC LIMIT $1[0m  [["LIMIT", 1]]
  [1m[36mReview Load (0.5ms)[0m  [1m[34mSELECT "reviews".* FROM "reviews" WHERE "reviews"."book_id" = $1 LIMIT $2[0m  [["book_id", 36], ["LIMIT", 11]]
  [1m[36mBook Load (0.7ms)[0m  [1m[34mSELECT "books".* FROM "books" ORDER BY "books"."id" DESC LIMIT $1[0m  [["LIMIT", 1]]
  [1m[36mUser Load (0.7ms)[0m  [1m[34mSELECT "users".* FROM "users" INNER JOIN "reviews" ON "users"."id" = "reviews"."user_id" WHERE "reviews"."book_id" = $1 LIMIT $2[0m  [["book_id", 36], ["LIMIT", 11]]
